#
# There is insufficient memory for the Java Runtime Environment to continue.
# Native memory allocation (malloc) failed to allocate 144703488 bytes for committing reserved memory.
# Possible reasons:
#   The system is out of physical RAM or swap space
#   In 32 bit mode, the process size limit was hit
# Possible solutions:
#   Reduce memory load on the system
#   Increase physical memory or swap space
#   Check if swap backing store is full
#   Use 64 bit Java on a 64 bit OS
#   Decrease Java heap size (-Xmx/-Xms)
#   Decrease number of Java threads
#   Decrease Java thread stack sizes (-Xss)
#   Set larger code cache with -XX:ReservedCodeCacheSize=
# This output file may be truncated or incomplete.
#
#  Out of Memory Error (os_linux.cpp:2798), pid=17107, tid=140699785262848
#
# JRE version: OpenJDK Runtime Environment (7.0_75-b13) (build 1.7.0_75-b13)
# Java VM: OpenJDK 64-Bit Server VM (24.75-b04 mixed mode linux-amd64 compressed oops)
# Derivative: IcedTea 2.5.4
# Distribution: Ubuntu 14.04 LTS, package 7u75-2.5.4-1~trusty1
# Failed to write core dump. Core dumps have been disabled. To enable core dumping, try "ulimit -c unlimited" before starting Java again
#

---------------  T H R E A D  ---------------

Current thread (0x00007ff73407b800):  VMThread [stack: 0x00007ff738a87000,0x00007ff738b88000] [id=17115]

Stack: [0x00007ff738a87000,0x00007ff738b88000],  sp=0x00007ff738b86490,  free space=1021k
Native frames: (J=compiled Java code, j=interpreted, Vv=VM code, C=native code)
V  [libjvm.so+0x94a9d5]  VMError::report_and_die()+0x175
V  [libjvm.so+0x48b954]  report_vm_out_of_memory(char const*, int, unsigned long, char const*)+0x74
V  [libjvm.so+0x7c7b7b]  os::pd_commit_memory(char*, unsigned long, unsigned long, bool)+0xeb
V  [libjvm.so+0x7c263f]  os::commit_memory(char*, unsigned long, unsigned long, bool)+0x1f
V  [libjvm.so+0x834b1b]  PSVirtualSpace::expand_by(unsigned long)+0x5b
V  [libjvm.so+0x82486b]  PSOldGen::expand_by(unsigned long) [clone .part.80]+0x1b
V  [libjvm.so+0x824a2b]  PSOldGen::expand(unsigned long) [clone .part.81]+0xdb
V  [libjvm.so+0x825958]  PSOldGen::resize(unsigned long)+0x188
V  [libjvm.so+0x82ca24]  PSParallelCompact::invoke_no_policy(bool)+0x9c4
V  [libjvm.so+0x832c5d]  PSScavenge::invoke()+0x17d
V  [libjvm.so+0x7e9203]  ParallelScavengeHeap::failed_mem_allocate(unsigned long)+0x63
V  [libjvm.so+0x94c3d4]  VM_ParallelGCFailedAllocation::doit()+0x84
V  [libjvm.so+0x9508d7]  VM_Operation::evaluate()+0x47
V  [libjvm.so+0x94f248]  VMThread::evaluate_operation(VM_Operation*)+0x318
V  [libjvm.so+0x94f6a9]  VMThread::loop()+0x219
V  [libjvm.so+0x94faf2]  VMThread::run()+0x72
V  [libjvm.so+0x7c4a42]  java_start(Thread*)+0xf2

VM_Operation (0x00007ff6af1f0280): ParallelGCFailedAllocation, mode: safepoint, requested by thread 0x00007ff6b0042000


---------------  P R O C E S S  ---------------

Java Threads: ( => current thread )
  0x00007ff70400d000 JavaThread "async-dispatch-52" daemon [_thread_blocked, id=17265, stack(0x00007ff6ae0ac000,0x00007ff6ae1ad000)]
  0x00007ff6cc008800 JavaThread "worker-4" daemon [_thread_blocked, id=17253, stack(0x00007ff6aeaeb000,0x00007ff6aebec000)]
  0x00007ff6cc003800 JavaThread "worker-3" daemon [_thread_blocked, id=17252, stack(0x00007ff6aebec000,0x00007ff6aeced000)]
  0x00007ff6cc003000 JavaThread "worker-2" daemon [_thread_blocked, id=17251, stack(0x00007ff6aeced000,0x00007ff6aedee000)]
  0x00007ff6cc002000 JavaThread "worker-1" daemon [_thread_blocked, id=17250, stack(0x00007ff6f62f5000,0x00007ff6f63f6000)]
  0x00007ff6d0002800 JavaThread "async-dispatch-50" daemon [_thread_blocked, id=17230, stack(0x00007ff6aedee000,0x00007ff6aeeef000)]
  0x00007ff6ec049000 JavaThread "async-dispatch-49" daemon [_thread_blocked, id=17229, stack(0x00007ff6f6c3d000,0x00007ff6f6d3e000)]
  0x00007ff6b0044000 JavaThread "async-dispatch-48" daemon [_thread_blocked, id=17228, stack(0x00007ff6f7142000,0x00007ff6f7243000)]
  0x00007ff6e0008800 JavaThread "async-dispatch-47" daemon [_thread_blocked, id=17226, stack(0x00007ff6aeeef000,0x00007ff6aeff0000)]
  0x00007ff6e4006000 JavaThread "async-dispatch-46" daemon [_thread_blocked, id=17225, stack(0x00007ff6aeff0000,0x00007ff6af0f1000)]
  0x00007ff6b0042000 JavaThread "async-dispatch-45" daemon [_thread_blocked, id=17224, stack(0x00007ff6af0f1000,0x00007ff6af1f2000)]
  0x00007ff6dc004800 JavaThread "async-dispatch-44" daemon [_thread_blocked, id=17223, stack(0x00007ff6af1f2000,0x00007ff6af2f3000)]
  0x00007ff6d0007000 JavaThread "async-dispatch-43" daemon [_thread_blocked, id=17222, stack(0x00007ff6af2f3000,0x00007ff6af3f4000)]
  0x00007ff6b0040000 JavaThread "async-dispatch-42" daemon [_thread_blocked, id=17221, stack(0x00007ff6af3f4000,0x00007ff6af4f5000)]
  0x00007ff6c80ff800 JavaThread "async-dispatch-41" daemon [_thread_blocked, id=17220, stack(0x00007ff6af4f5000,0x00007ff6af5f6000)]
  0x00007ff6cc005800 JavaThread "async-dispatch-40" daemon [_thread_blocked, id=17219, stack(0x00007ff6af5f6000,0x00007ff6af6f7000)]
  0x00007ff6b003e800 JavaThread "async-dispatch-39" daemon [_thread_blocked, id=17218, stack(0x00007ff6af6f7000,0x00007ff6af7f8000)]
  0x00007ff6c4014000 JavaThread "async-dispatch-38" daemon [_thread_blocked, id=17216, stack(0x00007ff6af7f8000,0x00007ff6af8f9000)]
  0x00007ff6b8002000 JavaThread "async-dispatch-37" daemon [_thread_blocked, id=17215, stack(0x00007ff6af8f9000,0x00007ff6af9fa000)]
  0x00007ff6b003c800 JavaThread "async-dispatch-36" daemon [_thread_blocked, id=17214, stack(0x00007ff6af9fa000,0x00007ff6afafb000)]
  0x00007ff6b003a800 JavaThread "async-dispatch-35" daemon [_thread_blocked, id=17213, stack(0x00007ff6afafb000,0x00007ff6afbfc000)]
  0x00007ff6b4001000 JavaThread "async-dispatch-34" daemon [_thread_blocked, id=17212, stack(0x00007ff6afbfc000,0x00007ff6afcfd000)]
  0x00007ff6b0039000 JavaThread "async-dispatch-33" daemon [_thread_blocked, id=17211, stack(0x00007ff6afcfd000,0x00007ff6afdfe000)]
  0x00007ff734d08000 JavaThread "async-dispatch-32" daemon [_thread_blocked, id=17210, stack(0x00007ff6afdfe000,0x00007ff6afeff000)]
  0x00007ff72803c000 JavaThread "async-dispatch-31" daemon [_thread_blocked, id=17209, stack(0x00007ff6afeff000,0x00007ff6b0000000)]
  0x00007ff6b0037000 JavaThread "async-dispatch-30" daemon [_thread_blocked, id=17208, stack(0x00007ff6f402b000,0x00007ff6f412c000)]
  0x00007ff6d4028800 JavaThread "async-dispatch-29" daemon [_thread_blocked, id=17207, stack(0x00007ff6f412c000,0x00007ff6f422d000)]
  0x00007ff6c80fe800 JavaThread "async-dispatch-28" daemon [_thread_blocked, id=17206, stack(0x00007ff6f6b3c000,0x00007ff6f6c3d000)]
  0x00007ff6b0036000 JavaThread "async-dispatch-27" daemon [_thread_blocked, id=17205, stack(0x00007ff6f6a3b000,0x00007ff6f6b3c000)]
  0x00007ff718034000 JavaThread "async-dispatch-26" daemon [_thread_blocked, id=17201, stack(0x00007ff6f422d000,0x00007ff6f432e000)]
  0x00007ff71c001000 JavaThread "async-dispatch-25" daemon [_thread_blocked, id=17200, stack(0x00007ff6f432e000,0x00007ff6f442f000)]
  0x00007ff6b0034000 JavaThread "async-dispatch-24" daemon [_thread_blocked, id=17199, stack(0x00007ff6f442f000,0x00007ff6f4530000)]
  0x00007ff714003800 JavaThread "async-dispatch-23" daemon [_thread_blocked, id=17198, stack(0x00007ff6f4530000,0x00007ff6f4631000)]
  0x00007ff708001000 JavaThread "async-dispatch-22" daemon [_thread_blocked, id=17197, stack(0x00007ff6f4631000,0x00007ff6f4732000)]
  0x00007ff6b0030800 JavaThread "async-dispatch-21" daemon [_thread_blocked, id=17196, stack(0x00007ff6f4732000,0x00007ff6f4833000)]
  0x00007ff700436800 JavaThread "async-dispatch-20" daemon [_thread_blocked, id=17194, stack(0x00007ff6f4833000,0x00007ff6f4934000)]
  0x00007ff704001000 JavaThread "async-dispatch-19" daemon [_thread_blocked, id=17193, stack(0x00007ff6f4934000,0x00007ff6f4a35000)]
  0x00007ff6b002d800 JavaThread "async-dispatch-18" daemon [_thread_blocked, id=17192, stack(0x00007ff6f4a35000,0x00007ff6f4b36000)]
  0x00007ff6ec047800 JavaThread "async-dispatch-17" daemon [_thread_blocked, id=17191, stack(0x00007ff6f4b36000,0x00007ff6f4c37000)]
  0x00007ff6ec046000 JavaThread "async-dispatch-16" daemon [_thread_blocked, id=17190, stack(0x00007ff6f4c37000,0x00007ff6f4d38000)]
  0x00007ff6ec002000 JavaThread "async-dispatch-15" daemon [_thread_blocked, id=17189, stack(0x00007ff6f4d38000,0x00007ff6f4e39000)]
  0x00007ff6e0006800 JavaThread "async-dispatch-14" daemon [_thread_blocked, id=17188, stack(0x00007ff6f4e39000,0x00007ff6f4f3a000)]
  0x00007ff6e0004800 JavaThread "async-dispatch-13" daemon [_thread_blocked, id=17187, stack(0x00007ff6f4f3a000,0x00007ff6f503b000)]
  0x00007ff6b002a800 JavaThread "async-dispatch-12" daemon [_thread_blocked, id=17186, stack(0x00007ff6f503b000,0x00007ff6f513c000)]
  0x00007ff6d8001000 JavaThread "async-dispatch-11" daemon [_thread_blocked, id=17184, stack(0x00007ff6f513c000,0x00007ff6f523d000)]
  0x00007ff6b0025000 JavaThread "async-dispatch-9" daemon [_thread_blocked, id=17182, stack(0x00007ff6f533e000,0x00007ff6f543f000)]
  0x00007ff6d4034000 JavaThread "async-dispatch-8" daemon [_thread_blocked, id=17181, stack(0x00007ff6f543f000,0x00007ff6f5540000)]
  0x00007ff6c8126800 JavaThread "async-dispatch-7" daemon [_thread_blocked, id=17180, stack(0x00007ff6f5540000,0x00007ff6f5641000)]
  0x00007ff6b0023000 JavaThread "async-dispatch-6" daemon [_thread_blocked, id=17179, stack(0x00007ff6f5641000,0x00007ff6f5742000)]
  0x00007ff6c0001000 JavaThread "async-dispatch-5" daemon [_thread_blocked, id=17178, stack(0x00007ff6f5742000,0x00007ff6f5843000)]
  0x00007ff6c4012000 JavaThread "async-dispatch-4" daemon [_thread_blocked, id=17177, stack(0x00007ff6f5843000,0x00007ff6f5944000)]
  0x00007ff6b001a000 JavaThread "async-dispatch-3" daemon [_thread_blocked, id=17176, stack(0x00007ff6f5944000,0x00007ff6f5a45000)]
  0x00007ff6e838f800 JavaThread "ClosingPipeCloser 1606746305" daemon [_thread_blocked, id=17161, stack(0x00007ff6f5a45000,0x00007ff6f5b46000)]
  0x00007ff6e8338000 JavaThread "PipeThread 1606746305" daemon [_thread_blocked, id=17160, stack(0x00007ff6f5b46000,0x00007ff6f5c47000)]
  0x00007ff6e8394000 JavaThread "PipeThread 996493802" daemon [_thread_in_native, id=17159, stack(0x00007ff6f5c47000,0x00007ff6f5d48000)]
  0x00007ff6e829e000 JavaThread "PipeThread 1942925277" daemon [_thread_in_native, id=17158, stack(0x00007ff6f5d48000,0x00007ff6f5e49000)]
  0x00007ff6e8330000 JavaThread "process reaper" daemon [_thread_in_native, id=17157, stack(0x00007ff6f5e49000,0x00007ff6f5e82000)]
  0x00007ff6e82b8000 JavaThread "RevivableReader 840788824" daemon [_thread_in_native, id=17155, stack(0x00007ff6f5e82000,0x00007ff6f5f83000)]
  0x00007ff6c400e800 JavaThread "New I/O  worker #1" daemon [_thread_blocked, id=17154, stack(0x00007ff6f5ff2000,0x00007ff6f60f3000)]
  0x00007ff6c8140800 JavaThread "async-dispatch-2" daemon [_thread_blocked, id=17153, stack(0x00007ff6f60f3000,0x00007ff6f61f4000)]
  0x00007ff6c807d000 JavaThread "async-dispatch-1" daemon [_thread_blocked, id=17152, stack(0x00007ff6f61f4000,0x00007ff6f62f5000)]
  0x00007ff6c8011000 JavaThread "Timer-0" daemon [_thread_blocked, id=17150, stack(0x00007ff6f6839000,0x00007ff6f693a000)]
  0x00007ff6c8003800 JavaThread "server-loop" daemon [_thread_blocked, id=17149, stack(0x00007ff6f693a000,0x00007ff6f6a3b000)]
  0x00007ff6e0002800 JavaThread "clojure-agent-send-off-pool-5" [_thread_in_native, id=17140, stack(0x00007ff6f6d3e000,0x00007ff6f6e3f000)]
  0x00007ff6e0001000 JavaThread "clojure-agent-send-off-pool-4" [_thread_blocked, id=17139, stack(0x00007ff6f6e3f000,0x00007ff6f6f40000)]
  0x00007ff735637000 JavaThread "clojure-agent-send-off-pool-3" [_thread_blocked, id=17137, stack(0x00007ff6f6f40000,0x00007ff6f7041000)]
  0x00007ff73568c800 JavaThread "clojure-agent-send-off-pool-2" [_thread_in_native, id=17133, stack(0x00007ff6f7041000,0x00007ff6f7142000)]
  0x00007ff734d0a800 JavaThread "clojure-agent-send-off-pool-0" [_thread_blocked, id=17131, stack(0x00007ff6f7243000,0x00007ff6f7344000)]
  0x00007ff734f56000 JavaThread "clojure.core.async.timers/timeout-daemon" daemon [_thread_blocked, id=17127, stack(0x00007ff6f7344000,0x00007ff6f7445000)]
  0x00007ff7346c3000 JavaThread "Monitor Ctrl-Break" daemon [_thread_in_native, id=17126, stack(0x00007ff72e1b0000,0x00007ff72e2b1000)]
  0x00007ff7340b4800 JavaThread "Service Thread" daemon [_thread_blocked, id=17121, stack(0x00007ff72e7dc000,0x00007ff72e8dd000)]
  0x00007ff7340b2000 JavaThread "C2 CompilerThread1" daemon [_thread_blocked, id=17120, stack(0x00007ff72e8dd000,0x00007ff72e9de000)]
  0x00007ff7340af000 JavaThread "C2 CompilerThread0" daemon [_thread_blocked, id=17119, stack(0x00007ff72e9de000,0x00007ff72eadf000)]
  0x00007ff7340ad000 JavaThread "Signal Dispatcher" daemon [_thread_blocked, id=17118, stack(0x00007ff72eadf000,0x00007ff72ebe0000)]
  0x00007ff734082000 JavaThread "Finalizer" daemon [_thread_blocked, id=17117, stack(0x00007ff738885000,0x00007ff738986000)]
  0x00007ff734080000 JavaThread "Reference Handler" daemon [_thread_blocked, id=17116, stack(0x00007ff738986000,0x00007ff738a87000)]
  0x00007ff734010800 JavaThread "main" [_thread_blocked, id=17109, stack(0x00007ff73dc17000,0x00007ff73dd18000)]

Other Threads:
=>0x00007ff73407b800 VMThread [stack: 0x00007ff738a87000,0x00007ff738b88000] [id=17115]
  0x00007ff7340b7000 WatcherThread [stack: 0x00007ff72e6db000,0x00007ff72e7dc000] [id=17122]

VM state:at safepoint (normal execution)

VM Mutex/Monitor currently owned by a thread:  ([mutex/lock_event])
[0x00007ff73400c270] ExpandHeap_lock - owner thread: 0x00007ff73407b800
[0x00007ff73400c8f0] Threads_lock - owner thread: 0x00007ff73407b800
[0x00007ff73400cdf0] Heap_lock - owner thread: 0x00007ff6b0042000

Heap
 PSYoungGen      total 142336K, used 0K [0x00000000eb600000, 0x00000000ff780000, 0x0000000100000000)
  eden space 118272K, 0% used [0x00000000eb600000,0x00000000eb600000,0x00000000f2980000)
  from space 24064K, 0% used [0x00000000f2980000,0x00000000f2980000,0x00000000f4100000)
  to   space 105472K, 0% used [0x00000000f9080000,0x00000000f9080000,0x00000000ff780000)
 ParOldGen       total 490496K, used 436788K [0x00000000c2200000, 0x00000000e0100000, 0x00000000eb600000)
  object space 490496K, 89% used [0x00000000c2200000,0x00000000dcc8d0d0,0x00000000e0100000)
 PSPermGen       total 116224K, used 64421K [0x00000000b7c00000, 0x00000000bed80000, 0x00000000c2200000)
  object space 116224K, 55% used [0x00000000b7c00000,0x00000000bbae9628,0x00000000bed80000)

Card table byte_map: [0x00007ff73a613000,0x00007ff73a856000] byte_map_base: 0x00007ff73a055000

Polling page: 0x00007ff73dd34000

Code Cache  [0x00007ff731000000, 0x00007ff7315d0000, 0x00007ff734000000)
 total_blobs=2134 nmethods=1747 adapters=340 free_code_cache=43346Kb largest_free_block=44286912

Compilation events (10 events):
Event: 186,827 Thread 0x00007ff7340af000 nmethod 2061 0x00007ff7315aa4d0 code [0x00007ff7315aa620, 0x00007ff7315aa6b8]
Event: 186,832 Thread 0x00007ff7340b2000 nmethod 2060 0x00007ff7315ab4d0 code [0x00007ff7315ab680, 0x00007ff7315abb68]
Event: 186,835 Thread 0x00007ff7340af000 2062 %           clojure.core.protocols$fn__6433::invoke @ 0 (234 bytes)
Event: 186,849 Thread 0x00007ff7340af000 nmethod 2062% 0x00007ff7315b12d0 code [0x00007ff7315b1500, 0x00007ff7315b1d28]
Event: 191,959 Thread 0x00007ff7340af000 2064             clojure.core.async.impl.channels.ManyToManyChannel::take_BANG_ (1489 bytes)
Event: 191,959 Thread 0x00007ff7340b2000 2063             clojure.core.protocols$fn__6433::invoke (234 bytes)
Event: 199,293 Thread 0x00007ff7340b2000 nmethod 2063 0x00007ff7315b3110 code [0x00007ff7315b3360, 0x00007ff7315b3c30]
Event: 199,295 Thread 0x00007ff7340af000 nmethod 2064 0x00007ff7315be590 code [0x00007ff7315beba0, 0x00007ff7315c08b8]
Event: 199,362 Thread 0x00007ff7340af000 2065   !         java.util.concurrent.ThreadPoolExecutor::runWorker (225 bytes)
Event: 199,362 Thread 0x00007ff7340b2000 2066             taoensso.sente$make_channel_socket_BANG_$send_fn__19487$fn__19572::invoke (100 bytes)

GC Heap History (10 events):
Event: 196,164 GC heap after
Heap after GC invocations=39 (full 6):
 PSYoungGen      total 240128K, used 51744K [0x00000000eb600000, 0x0000000100000000, 0x0000000100000000)
  eden space 154112K, 0% used [0x00000000eb600000,0x00000000eb600000,0x00000000f4c80000)
  from space 86016K, 60% used [0x00000000f4c80000,0x00000000f7f08000,0x00000000fa080000)
  to   space 87552K, 0% used [0x00000000faa80000,0x00000000faa80000,0x0000000100000000)
 ParOldGen       total 490496K, used 321636K [0x00000000c2200000, 0x00000000e0100000, 0x00000000eb600000)
  object space 490496K, 65% used [0x00000000c2200000,0x00000000d5c190c0,0x00000000e0100000)
 PSPermGen       total 116224K, used 64417K [0x00000000b7c00000, 0x00000000bed80000, 0x00000000c2200000)
  object space 116224K, 55% used [0x00000000b7c00000,0x00000000bbae8538,0x00000000bed80000)
}
Event: 196,539 GC heap before
{Heap before GC invocations=40 (full 6):
 PSYoungGen      total 240128K, used 205856K [0x00000000eb600000, 0x0000000100000000, 0x0000000100000000)
  eden space 154112K, 100% used [0x00000000eb600000,0x00000000f4c80000,0x00000000f4c80000)
  from space 86016K, 60% used [0x00000000f4c80000,0x00000000f7f08000,0x00000000fa080000)
  to   space 87552K, 0% used [0x00000000faa80000,0x00000000faa80000,0x0000000100000000)
 ParOldGen       total 490496K, used 321636K [0x00000000c2200000, 0x00000000e0100000, 0x00000000eb600000)
  object space 490496K, 65% used [0x00000000c2200000,0x00000000d5c190c0,0x00000000e0100000)
 PSPermGen       total 116224K, used 64420K [0x00000000b7c00000, 0x00000000bed80000, 0x00000000c2200000)
  object space 116224K, 55% used [0x00000000b7c00000,0x00000000bbae9228,0x00000000bed80000)
Event: 196,865 GC heap after
Heap after GC invocations=40 (full 6):
 PSYoungGen      total 224768K, used 85728K [0x00000000eb600000, 0x0000000100000000, 0x0000000100000000)
  eden space 137216K, 0% used [0x00000000eb600000,0x00000000eb600000,0x00000000f3c00000)
  from space 87552K, 97% used [0x00000000faa80000,0x00000000ffe38000,0x0000000100000000)
  to   space 100352K, 0% used [0x00000000f3c00000,0x00000000f3c00000,0x00000000f9e00000)
 ParOldGen       total 490496K, used 321636K [0x00000000c2200000, 0x00000000e0100000, 0x00000000eb600000)
  object space 490496K, 65% used [0x00000000c2200000,0x00000000d5c190c0,0x00000000e0100000)
 PSPermGen       total 116224K, used 64420K [0x00000000b7c00000, 0x00000000bed80000, 0x00000000c2200000)
  object space 116224K, 55% used [0x00000000b7c00000,0x00000000bbae9228,0x00000000bed80000)
}
Event: 197,203 GC heap before
{Heap before GC invocations=41 (full 6):
 PSYoungGen      total 224768K, used 222944K [0x00000000eb600000, 0x0000000100000000, 0x0000000100000000)
  eden space 137216K, 100% used [0x00000000eb600000,0x00000000f3c00000,0x00000000f3c00000)
  from space 87552K, 97% used [0x00000000faa80000,0x00000000ffe38000,0x0000000100000000)
  to   space 100352K, 0% used [0x00000000f3c00000,0x00000000f3c00000,0x00000000f9e00000)
 ParOldGen       total 490496K, used 321636K [0x00000000c2200000, 0x00000000e0100000, 0x00000000eb600000)
  object space 490496K, 65% used [0x00000000c2200000,0x00000000d5c190c0,0x00000000e0100000)
 PSPermGen       total 116224K, used 64420K [0x00000000b7c00000, 0x00000000bed80000, 0x00000000c2200000)
  object space 116224K, 55% used [0x00000000b7c00000,0x00000000bbae92f0,0x00000000bed80000)
Event: 198,030 GC heap after
Heap after GC invocations=41 (full 6):
 PSYoungGen      total 224768K, used 87296K [0x00000000eb600000, 0x0000000100000000, 0x0000000100000000)
  eden space 137216K, 0% used [0x00000000eb600000,0x00000000eb600000,0x00000000f3c00000)
  from space 87552K, 99% used [0x00000000f3c00000,0x00000000f9140000,0x00000000f9180000)
  to   space 111616K, 0% used [0x00000000f9300000,0x00000000f9300000,0x0000000100000000)
 ParOldGen       total 490496K, used 344540K [0x00000000c2200000, 0x00000000e0100000, 0x00000000eb600000)
  object space 490496K, 70% used [0x00000000c2200000,0x00000000d72770c0,0x00000000e0100000)
 PSPermGen       total 116224K, used 64420K [0x00000000b7c00000, 0x00000000bed80000, 0x00000000c2200000)
  object space 116224K, 55% used [0x00000000b7c00000,0x00000000bbae92f0,0x00000000bed80000)
}
Event: 198,683 GC heap before
{Heap before GC invocations=42 (full 6):
 PSYoungGen      total 224768K, used 224512K [0x00000000eb600000, 0x0000000100000000, 0x0000000100000000)
  eden space 137216K, 100% used [0x00000000eb600000,0x00000000f3c00000,0x00000000f3c00000)
  from space 87552K, 99% used [0x00000000f3c00000,0x00000000f9140000,0x00000000f9180000)
  to   space 111616K, 0% used [0x00000000f9300000,0x00000000f9300000,0x0000000100000000)
 ParOldGen       total 490496K, used 344540K [0x00000000c2200000, 0x00000000e0100000, 0x00000000eb600000)
  object space 490496K, 70% used [0x00000000c2200000,0x00000000d72770c0,0x00000000e0100000)
 PSPermGen       total 116224K, used 64420K [0x00000000b7c00000, 0x00000000bed80000, 0x00000000c2200000)
  object space 116224K, 55% used [0x00000000b7c00000,0x00000000bbae93e0,0x00000000bed80000)
Event: 199,291 GC heap after
Heap after GC invocations=42 (full 6):
 PSYoungGen      total 229888K, used 53312K [0x00000000eb600000, 0x0000000100000000, 0x0000000100000000)
  eden space 118272K, 0% used [0x00000000eb600000,0x00000000eb600000,0x00000000f2980000)
  from space 111616K, 47% used [0x00000000f9300000,0x00000000fc710000,0x0000000100000000)
  to   space 108032K, 0% used [0x00000000f2980000,0x00000000f2980000,0x00000000f9300000)
 ParOldGen       total 490496K, used 402580K [0x00000000c2200000, 0x00000000e0100000, 0x00000000eb600000)
  object space 490496K, 82% used [0x00000000c2200000,0x00000000dab250c0,0x00000000e0100000)
 PSPermGen       total 116224K, used 64420K [0x00000000b7c00000, 0x00000000bed80000, 0x00000000c2200000)
  object space 116224K, 55% used [0x00000000b7c00000,0x00000000bbae93e0,0x00000000bed80000)
}
Event: 199,593 GC heap before
{Heap before GC invocations=43 (full 6):
 PSYoungGen      total 229888K, used 171584K [0x00000000eb600000, 0x0000000100000000, 0x0000000100000000)
  eden space 118272K, 100% used [0x00000000eb600000,0x00000000f2980000,0x00000000f2980000)
  from space 111616K, 47% used [0x00000000f9300000,0x00000000fc710000,0x0000000100000000)
  to   space 108032K, 0% used [0x00000000f2980000,0x00000000f2980000,0x00000000f9300000)
 ParOldGen       total 490496K, used 402580K [0x00000000c2200000, 0x00000000e0100000, 0x00000000eb600000)
  object space 490496K, 82% used [0x00000000c2200000,0x00000000dab250c0,0x00000000e0100000)
 PSPermGen       total 116224K, used 64421K [0x00000000b7c00000, 0x00000000bed80000, 0x00000000c2200000)
  object space 116224K, 55% used [0x00000000b7c00000,0x00000000bbae9628,0x00000000bed80000)
Event: 203,395 GC heap after
Heap after GC invocations=43 (full 6):
 PSYoungGen      total 142336K, used 23904K [0x00000000eb600000, 0x00000000ff780000, 0x0000000100000000)
  eden space 118272K, 0% used [0x00000000eb600000,0x00000000eb600000,0x00000000f2980000)
  from space 24064K, 99% used [0x00000000f2980000,0x00000000f40d8000,0x00000000f4100000)
  to   space 105472K, 0% used [0x00000000f9080000,0x00000000f9080000,0x00000000ff780000)
 ParOldGen       total 490496K, used 453492K [0x00000000c2200000, 0x00000000e0100000, 0x00000000eb600000)
  object space 490496K, 92% used [0x00000000c2200000,0x00000000ddcdd0c0,0x00000000e0100000)
 PSPermGen       total 116224K, used 64421K [0x00000000b7c00000, 0x00000000bed80000, 0x00000000c2200000)
  object space 116224K, 55% used [0x00000000b7c00000,0x00000000bbae9628,0x00000000bed80000)
}
Event: 203,513 GC heap before
{Heap before GC invocations=44 (full 7):
 PSYoungGen      total 142336K, used 23904K [0x00000000eb600000, 0x00000000ff780000, 0x0000000100000000)
  eden space 118272K, 0% used [0x00000000eb600000,0x00000000eb600000,0x00000000f2980000)
  from space 24064K, 99% used [0x00000000f2980000,0x00000000f40d8000,0x00000000f4100000)
  to   space 105472K, 0% used [0x00000000f9080000,0x00000000f9080000,0x00000000ff780000)
 ParOldGen       total 490496K, used 453492K [0x00000000c2200000, 0x00000000e0100000, 0x00000000eb600000)
  object space 490496K, 92% used [0x00000000c2200000,0x00000000ddcdd0c0,0x00000000e0100000)
 PSPermGen       total 116224K, used 64421K [0x00000000b7c00000, 0x00000000bed80000, 0x00000000c2200000)
  object space 116224K, 55% used [0x00000000b7c00000,0x00000000bbae9628,0x00000000bed80000)

Deoptimization events (10 events):
Event: 182,989 Thread 0x00007ff6dc001000 Uncommon trap: reason=unreached action=reinterpret pc=0x00007ff73148df88 method=sun.nio.cs.UTF_8$Encoder.encode([CII[B)I @ 149
Event: 183,085 Thread 0x00007ff6c8003800 Uncommon trap: reason=null_check action=make_not_entrant pc=0x00007ff73140ba7c method=sun.nio.ch.EPollSelectorImpl.updateSelectedKeys()I @ 41
Event: 186,782 Thread 0x00007ff6c400e800 Uncommon trap: reason=class_check action=maybe_recompile pc=0x00007ff7315542fc method=java.util.AbstractList.listIterator()Ljava/util/ListIterator; @ 2
Event: 190,841 Thread 0x00007ff6dc001000 Uncommon trap: reason=bimorphic action=maybe_recompile pc=0x00007ff7315826d8 method=clojure.core.async.impl.ioc_macros$run_state_machine.invoke(Ljava/lang/Object;)Ljava/lang/Object; @ 24
Event: 190,892 Thread 0x00007ff6dc001000 Uncommon trap: reason=unreached action=reinterpret pc=0x00007ff7315936b8 method=clojure.core.async.impl.channels.ManyToManyChannel.take_BANG_(Ljava/lang/Object;)Ljava/lang/Object; @ 82
Event: 190,892 Thread 0x00007ff6dc001000 Uncommon trap: reason=class_check action=maybe_recompile pc=0x00007ff7315542fc method=java.util.AbstractList.listIterator()Ljava/util/ListIterator; @ 2
Event: 190,893 Thread 0x00007ff6dc001000 Uncommon trap: reason=unreached action=reinterpret pc=0x00007ff73158177c method=clojure.core.async.impl.ioc_macros$take_BANG_.invoke(Ljava/lang/Object;Ljava/lang/Object;Ljava/lang/Object;)Ljava/lang/Object; @ 98
Event: 195,544 Thread 0x00007ff6dc001000 Uncommon trap: reason=unloaded action=reinterpret pc=0x00007ff7315a7600 method=clojure.core.async.impl.ioc_macros$run_state_machine_wrapped.invoke(Ljava/lang/Object;)Ljava/lang/Object; @ 19
Event: 196,237 Thread 0x00007ff6d800a800 Uncommon trap: reason=unloaded action=reinterpret pc=0x00007ff73157bd30 method=clojure.core.async.impl.ioc_macros$run_state_machine_wrapped.invoke(Ljava/lang/Object;)Ljava/lang/Object; @ 19
Event: 197,190 Thread 0x00007ff70400d000 Uncommon trap: reason=unreached action=reinterpret pc=0x00007ff731487eb4 method=java.util.concurrent.ConcurrentSkipListMap.findNear(Ljava/lang/Object;I)Ljava/util/concurrent/ConcurrentSkipListMap$Node; @ 75

Internal exceptions (10 events):
Event: 177,365 Thread 0x00007ff6c8003800 Threw 0x00000000fbe58ab0 at /build/buildd/openjdk-7-7u75-2.5.4/build/openjdk/hotspot/src/share/vm/prims/jvm.cpp:1284
Event: 177,366 Thread 0x00007ff6c8003800 Threw 0x00000000fbe65f28 at /build/buildd/openjdk-7-7u75-2.5.4/build/openjdk/hotspot/src/share/vm/prims/jvm.cpp:1284
Event: 177,509 Thread 0x00007ff6cc003800 Threw 0x00000000fbbb6850 at /build/buildd/openjdk-7-7u75-2.5.4/build/openjdk/hotspot/src/share/vm/prims/jvm.cpp:1284
Event: 177,509 Thread 0x00007ff6cc003800 Threw 0x00000000fbbc29f8 at /build/buildd/openjdk-7-7u75-2.5.4/build/openjdk/hotspot/src/share/vm/prims/jvm.cpp:1284
Event: 177,523 Thread 0x00007ff6dc001000 Threw 0x00000000f725ec78 at /build/buildd/openjdk-7-7u75-2.5.4/build/openjdk/hotspot/src/share/vm/prims/jvm.cpp:1284
Event: 177,523 Thread 0x00007ff6dc001000 Threw 0x00000000f7271550 at /build/buildd/openjdk-7-7u75-2.5.4/build/openjdk/hotspot/src/share/vm/prims/jvm.cpp:1284
Event: 177,555 Thread 0x00007ff734f56000 Threw 0x00000000fbf18140 at /build/buildd/openjdk-7-7u75-2.5.4/build/openjdk/hotspot/src/share/vm/prims/jvm.cpp:1284
Event: 177,555 Thread 0x00007ff734f56000 Threw 0x00000000fbf2a980 at /build/buildd/openjdk-7-7u75-2.5.4/build/openjdk/hotspot/src/share/vm/prims/jvm.cpp:1284
Event: 183,084 Thread 0x00007ff6dc001000 Threw 0x00000000ef183ab8 at /build/buildd/openjdk-7-7u75-2.5.4/build/openjdk/hotspot/src/share/vm/prims/jvm.cpp:1284
Event: 183,085 Thread 0x00007ff6c8003800 Implicit null exception at 0x00007ff73140b540 to 0x00007ff73140ba61

Events (10 events):
Event: 196,538 Executing VM operation: ParallelGCFailedAllocation
Event: 196,865 Executing VM operation: ParallelGCFailedAllocation done
Event: 197,190 Thread 0x00007ff70400d000 Uncommon trap: trap_request=0xffffffad fr.pc=0x00007ff731487eb4
Event: 197,190 Thread 0x00007ff70400d000 DEOPT PACKING pc=0x00007ff731487eb4 sp=0x00007ff6ae1ab700
Event: 197,190 Thread 0x00007ff70400d000 DEOPT UNPACKING pc=0x00007ff731039045 sp=0x00007ff6ae1ab6b0 mode 2
Event: 197,202 Executing VM operation: ParallelGCFailedAllocation
Event: 198,284 Executing VM operation: ParallelGCFailedAllocation done
Event: 198,415 Executing VM operation: ParallelGCFailedAllocation
Event: 199,292 Executing VM operation: ParallelGCFailedAllocation done
Event: 199,590 Executing VM operation: ParallelGCFailedAllocation


Dynamic libraries:
00400000-00401000 r-xp 00000000 08:06 393564                             /usr/lib/jvm/java-7-openjdk-amd64/jre/bin/java
00600000-00601000 r--p 00000000 08:06 393564                             /usr/lib/jvm/java-7-openjdk-amd64/jre/bin/java
00601000-00602000 rw-p 00001000 08:06 393564                             /usr/lib/jvm/java-7-openjdk-amd64/jre/bin/java
00bec000-00c0d000 rw-p 00000000 00:00 0                                  [heap]
b7c00000-bed80000 rw-p 00000000 00:00 0 
bed80000-bfb80000 ---p 00000000 00:00 0 
bfb80000-c2200000 rw-p 00000000 00:00 0 
c2200000-e0100000 rw-p 00000000 00:00 0 
e8b00000-eb600000 rw-p 00000000 00:00 0 
eb600000-ff780000 rw-p 00000000 00:00 0 
ff780000-100000000 ---p 00000000 00:00 0 
7ff6ae0ac000-7ff6ae0af000 ---p 00000000 00:00 0 
7ff6ae0af000-7ff6ae1ad000 rw-p 00000000 00:00 0                          [stack:17265]
7ff6ae1ad000-7ff6ae1b0000 ---p 00000000 00:00 0 
7ff6ae1b0000-7ff6aeaeb000 rw-p 00000000 00:00 0 
7ff6aeaeb000-7ff6aeaee000 ---p 00000000 00:00 0 
7ff6aeaee000-7ff6aebec000 rw-p 00000000 00:00 0                          [stack:17253]
7ff6aebec000-7ff6aebef000 ---p 00000000 00:00 0 
7ff6aebef000-7ff6aeced000 rw-p 00000000 00:00 0                          [stack:17252]
7ff6aeced000-7ff6aecf0000 ---p 00000000 00:00 0 
7ff6aecf0000-7ff6aedee000 rw-p 00000000 00:00 0                          [stack:17251]
7ff6aedee000-7ff6aedf1000 ---p 00000000 00:00 0 
7ff6aedf1000-7ff6aeeef000 rw-p 00000000 00:00 0                          [stack:17230]
7ff6aeeef000-7ff6aeef2000 ---p 00000000 00:00 0 
7ff6aeef2000-7ff6aeff0000 rw-p 00000000 00:00 0                          [stack:17226]
7ff6aeff0000-7ff6aeff3000 ---p 00000000 00:00 0 
7ff6aeff3000-7ff6af0f1000 rw-p 00000000 00:00 0                          [stack:17225]
7ff6af0f1000-7ff6af0f4000 ---p 00000000 00:00 0 
7ff6af0f4000-7ff6af1f2000 rw-p 00000000 00:00 0                          [stack:17224]
7ff6af1f2000-7ff6af1f5000 ---p 00000000 00:00 0 
7ff6af1f5000-7ff6af2f3000 rw-p 00000000 00:00 0                          [stack:17223]
7ff6af2f3000-7ff6af2f6000 ---p 00000000 00:00 0 
7ff6af2f6000-7ff6af3f4000 rw-p 00000000 00:00 0                          [stack:17222]
7ff6af3f4000-7ff6af3f7000 ---p 00000000 00:00 0 
7ff6af3f7000-7ff6af4f5000 rw-p 00000000 00:00 0                          [stack:17221]
7ff6af4f5000-7ff6af4f8000 ---p 00000000 00:00 0 
7ff6af4f8000-7ff6af5f6000 rw-p 00000000 00:00 0                          [stack:17220]
7ff6af5f6000-7ff6af5f9000 ---p 00000000 00:00 0 
7ff6af5f9000-7ff6af6f7000 rw-p 00000000 00:00 0                          [stack:17219]
7ff6af6f7000-7ff6af6fa000 ---p 00000000 00:00 0 
7ff6af6fa000-7ff6af7f8000 rw-p 00000000 00:00 0                          [stack:17218]
7ff6af7f8000-7ff6af7fb000 ---p 00000000 00:00 0 
7ff6af7fb000-7ff6af8f9000 rw-p 00000000 00:00 0                          [stack:17216]
7ff6af8f9000-7ff6af8fc000 ---p 00000000 00:00 0 
7ff6af8fc000-7ff6af9fa000 rw-p 00000000 00:00 0                          [stack:17215]
7ff6af9fa000-7ff6af9fd000 ---p 00000000 00:00 0 
7ff6af9fd000-7ff6afafb000 rw-p 00000000 00:00 0                          [stack:17214]
7ff6afafb000-7ff6afafe000 ---p 00000000 00:00 0 
7ff6afafe000-7ff6afbfc000 rw-p 00000000 00:00 0                          [stack:17213]
7ff6afbfc000-7ff6afbff000 ---p 00000000 00:00 0 
7ff6afbff000-7ff6afcfd000 rw-p 00000000 00:00 0                          [stack:17212]
7ff6afcfd000-7ff6afd00000 ---p 00000000 00:00 0 
7ff6afd00000-7ff6afdfe000 rw-p 00000000 00:00 0                          [stack:17211]
7ff6afdfe000-7ff6afe01000 ---p 00000000 00:00 0 
7ff6afe01000-7ff6afeff000 rw-p 00000000 00:00 0                          [stack:17210]
7ff6afeff000-7ff6aff02000 ---p 00000000 00:00 0 
7ff6aff02000-7ff6b0000000 rw-p 00000000 00:00 0                          [stack:17209]
7ff6b0000000-7ff6b0049000 rw-p 00000000 00:00 0 
7ff6b0049000-7ff6b4000000 ---p 00000000 00:00 0 
7ff6b4000000-7ff6b4021000 rw-p 00000000 00:00 0 
7ff6b4021000-7ff6b8000000 ---p 00000000 00:00 0 
7ff6b8000000-7ff6b8021000 rw-p 00000000 00:00 0 
7ff6b8021000-7ff6bc000000 ---p 00000000 00:00 0 
7ff6bc000000-7ff6bc021000 rw-p 00000000 00:00 0 
7ff6bc021000-7ff6c0000000 ---p 00000000 00:00 0 
7ff6c0000000-7ff6c0021000 rw-p 00000000 00:00 0 
7ff6c0021000-7ff6c4000000 ---p 00000000 00:00 0 
7ff6c4000000-7ff6c4080000 rw-p 00000000 00:00 0 
7ff6c4080000-7ff6c8000000 ---p 00000000 00:00 0 
7ff6c8000000-7ff6c815a000 rw-p 00000000 00:00 0 
7ff6c815a000-7ff6cc000000 ---p 00000000 00:00 0 
7ff6cc000000-7ff6cc028000 rw-p 00000000 00:00 0 
7ff6cc028000-7ff6d0000000 ---p 00000000 00:00 0 
7ff6d0000000-7ff6d002e000 rw-p 00000000 00:00 0 
7ff6d002e000-7ff6d4000000 ---p 00000000 00:00 0 
7ff6d4000000-7ff6d40e0000 rw-p 00000000 00:00 0 
7ff6d40e0000-7ff6d8000000 ---p 00000000 00:00 0 
7ff6d8000000-7ff6d82a8000 rw-p 00000000 00:00 0 
7ff6d82a8000-7ff6dc000000 ---p 00000000 00:00 0 
7ff6dc000000-7ff6dc021000 rw-p 00000000 00:00 0 
7ff6dc021000-7ff6e0000000 ---p 00000000 00:00 0 
7ff6e0000000-7ff6e0021000 rw-p 00000000 00:00 0 
7ff6e0021000-7ff6e4000000 ---p 00000000 00:00 0 
7ff6e4000000-7ff6e4021000 rw-p 00000000 00:00 0 
7ff6e4021000-7ff6e8000000 ---p 00000000 00:00 0 
7ff6e8000000-7ff6e841a000 rw-p 00000000 00:00 0 
7ff6e841a000-7ff6ec000000 ---p 00000000 00:00 0 
7ff6ec000000-7ff6ec05f000 rw-p 00000000 00:00 0 
7ff6ec05f000-7ff6f0000000 ---p 00000000 00:00 0 
7ff6f0000000-7ff6f00eb000 rw-p 00000000 00:00 0 
7ff6f00eb000-7ff6f4000000 ---p 00000000 00:00 0 
7ff6f402a000-7ff6f402b000 rw-p 00000000 00:00 0 
7ff6f402b000-7ff6f402e000 ---p 00000000 00:00 0 
7ff6f402e000-7ff6f412c000 rw-p 00000000 00:00 0                          [stack:17208]
7ff6f412c000-7ff6f412f000 ---p 00000000 00:00 0 
7ff6f412f000-7ff6f422d000 rw-p 00000000 00:00 0                          [stack:17207]
7ff6f422d000-7ff6f4230000 ---p 00000000 00:00 0 
7ff6f4230000-7ff6f432e000 rw-p 00000000 00:00 0                          [stack:17201]
7ff6f432e000-7ff6f4331000 ---p 00000000 00:00 0 
7ff6f4331000-7ff6f442f000 rw-p 00000000 00:00 0                          [stack:17200]
7ff6f442f000-7ff6f4432000 ---p 00000000 00:00 0 
7ff6f4432000-7ff6f4530000 rw-p 00000000 00:00 0                          [stack:17199]
7ff6f4530000-7ff6f4533000 ---p 00000000 00:00 0 
7ff6f4533000-7ff6f4631000 rw-p 00000000 00:00 0                          [stack:17198]
7ff6f4631000-7ff6f4634000 ---p 00000000 00:00 0 
7ff6f4634000-7ff6f4732000 rw-p 00000000 00:00 0                          [stack:17197]
7ff6f4732000-7ff6f4735000 ---p 00000000 00:00 0 
7ff6f4735000-7ff6f4833000 rw-p 00000000 00:00 0                          [stack:17196]
7ff6f4833000-7ff6f4836000 ---p 00000000 00:00 0 
7ff6f4836000-7ff6f4934000 rw-p 00000000 00:00 0                          [stack:17194]
7ff6f4934000-7ff6f4937000 ---p 00000000 00:00 0 
7ff6f4937000-7ff6f4a35000 rw-p 00000000 00:00 0                          [stack:17193]
7ff6f4a35000-7ff6f4a38000 ---p 00000000 00:00 0 
7ff6f4a38000-7ff6f4b36000 rw-p 00000000 00:00 0                          [stack:17192]
7ff6f4b36000-7ff6f4b39000 ---p 00000000 00:00 0 
7ff6f4b39000-7ff6f4c37000 rw-p 00000000 00:00 0                          [stack:17191]
7ff6f4c37000-7ff6f4c3a000 ---p 00000000 00:00 0 
7ff6f4c3a000-7ff6f4d38000 rw-p 00000000 00:00 0                          [stack:17190]
7ff6f4d38000-7ff6f4d3b000 ---p 00000000 00:00 0 
7ff6f4d3b000-7ff6f4e39000 rw-p 00000000 00:00 0                          [stack:17189]
7ff6f4e39000-7ff6f4e3c000 ---p 00000000 00:00 0 
7ff6f4e3c000-7ff6f4f3a000 rw-p 00000000 00:00 0                          [stack:17188]
7ff6f4f3a000-7ff6f4f3d000 ---p 00000000 00:00 0 
7ff6f4f3d000-7ff6f503b000 rw-p 00000000 00:00 0                          [stack:17187]
7ff6f503b000-7ff6f503e000 ---p 00000000 00:00 0 
7ff6f503e000-7ff6f513c000 rw-p 00000000 00:00 0                          [stack:17186]
7ff6f513c000-7ff6f513f000 ---p 00000000 00:00 0 
7ff6f513f000-7ff6f523d000 rw-p 00000000 00:00 0                          [stack:17184]
7ff6f523d000-7ff6f5240000 ---p 00000000 00:00 0 
7ff6f5240000-7ff6f533e000 rw-p 00000000 00:00 0 
7ff6f533e000-7ff6f5341000 ---p 00000000 00:00 0 
7ff6f5341000-7ff6f543f000 rw-p 00000000 00:00 0                          [stack:17182]
7ff6f543f000-7ff6f5442000 ---p 00000000 00:00 0 
7ff6f5442000-7ff6f5540000 rw-p 00000000 00:00 0                          [stack:17181]
7ff6f5540000-7ff6f5543000 ---p 00000000 00:00 0 
7ff6f5543000-7ff6f5641000 rw-p 00000000 00:00 0                          [stack:17180]
7ff6f5641000-7ff6f5644000 ---p 00000000 00:00 0 
7ff6f5644000-7ff6f5742000 rw-p 00000000 00:00 0                          [stack:17179]
7ff6f5742000-7ff6f5745000 ---p 00000000 00:00 0 
7ff6f5745000-7ff6f5843000 rw-p 00000000 00:00 0                          [stack:17178]
7ff6f5843000-7ff6f5846000 ---p 00000000 00:00 0 
7ff6f5846000-7ff6f5944000 rw-p 00000000 00:00 0                          [stack:17177]
7ff6f5944000-7ff6f5947000 ---p 00000000 00:00 0 
7ff6f5947000-7ff6f5a45000 rw-p 00000000 00:00 0                          [stack:17176]
7ff6f5a45000-7ff6f5a48000 ---p 00000000 00:00 0 
7ff6f5a48000-7ff6f5b46000 rw-p 00000000 00:00 0                          [stack:17161]
7ff6f5b46000-7ff6f5b49000 ---p 00000000 00:00 0 
7ff6f5b49000-7ff6f5c47000 rw-p 00000000 00:00 0                          [stack:17160]
7ff6f5c47000-7ff6f5c4a000 ---p 00000000 00:00 0 
7ff6f5c4a000-7ff6f5d48000 rw-p 00000000 00:00 0                          [stack:17159]
7ff6f5d48000-7ff6f5d4b000 ---p 00000000 00:00 0 
7ff6f5d4b000-7ff6f5e49000 rw-p 00000000 00:00 0                          [stack:17158]
7ff6f5e49000-7ff6f5e4c000 ---p 00000000 00:00 0 
7ff6f5e4c000-7ff6f5e82000 rw-p 00000000 00:00 0                          [stack:17157]
7ff6f5e82000-7ff6f5e85000 ---p 00000000 00:00 0 
7ff6f5e85000-7ff6f5f83000 rw-p 00000000 00:00 0                          [stack:17155]
7ff6f5f83000-7ff6f5f84000 r--s 00000000 08:07 1298                       /home/albert/.m2/repository/org/clojure/core.incubator/0.1.0/core.incubator-0.1.0.jar
7ff6f5f84000-7ff6f5f85000 r--s 00007000 08:07 395354                     /home/albert/.m2/repository/org/clojure/tools.reader/0.8.3/tools.reader-0.8.3.jar
7ff6f5f85000-7ff6f5faf000 r--s 001e9000 08:07 133236                     /home/albert/.m2/repository/com/google/guava/guava/15.0/guava-15.0.jar
7ff6f5faf000-7ff6f5fbf000 r--s 0007c000 08:07 131490                     /home/albert/.m2/repository/joda-time/joda-time/2.1/joda-time-2.1.jar
7ff6f5fbf000-7ff6f5ff2000 r--s 00338000 08:07 133235                     /home/albert/.m2/repository/com/google/javascript/closure-compiler/v20131014/closure-compiler-v20131014.jar
7ff6f5ff2000-7ff6f5ff5000 ---p 00000000 00:00 0 
7ff6f5ff5000-7ff6f60f3000 rw-p 00000000 00:00 0                          [stack:17154]
7ff6f60f3000-7ff6f60f6000 ---p 00000000 00:00 0 
7ff6f60f6000-7ff6f61f4000 rw-p 00000000 00:00 0                          [stack:17153]
7ff6f61f4000-7ff6f61f7000 ---p 00000000 00:00 0 
7ff6f61f7000-7ff6f62f5000 rw-p 00000000 00:00 0                          [stack:17152]
7ff6f62f5000-7ff6f62f8000 ---p 00000000 00:00 0 
7ff6f62f8000-7ff6f63f6000 rw-p 00000000 00:00 0                          [stack:17250]
7ff6f63f6000-7ff6f6430000 r--s 00302000 08:07 1213                       /home/albert/.m2/repository/org/clojure/clojure/1.3.0/clojure-1.3.0.jar
7ff6f6430000-7ff6f6435000 r-xp 00000000 08:06 805985                     /lib/x86_64-linux-gnu/libnss_dns-2.19.so
7ff6f6435000-7ff6f6634000 ---p 00005000 08:06 805985                     /lib/x86_64-linux-gnu/libnss_dns-2.19.so
7ff6f6634000-7ff6f6635000 r--p 00004000 08:06 805985                     /lib/x86_64-linux-gnu/libnss_dns-2.19.so
7ff6f6635000-7ff6f6636000 rw-p 00005000 08:06 805985                     /lib/x86_64-linux-gnu/libnss_dns-2.19.so
7ff6f6636000-7ff6f6638000 r-xp 00000000 08:06 791032                     /lib/x86_64-linux-gnu/libnss_mdns4_minimal.so.2
7ff6f6638000-7ff6f6837000 ---p 00002000 08:06 791032                     /lib/x86_64-linux-gnu/libnss_mdns4_minimal.so.2
7ff6f6837000-7ff6f6838000 r--p 00001000 08:06 791032                     /lib/x86_64-linux-gnu/libnss_mdns4_minimal.so.2
7ff6f6838000-7ff6f6839000 rw-p 00002000 08:06 791032                     /lib/x86_64-linux-gnu/libnss_mdns4_minimal.so.2
7ff6f6839000-7ff6f683c000 ---p 00000000 00:00 0 
7ff6f683c000-7ff6f693a000 rw-p 00000000 00:00 0                          [stack:17150]
7ff6f693a000-7ff6f693d000 ---p 00000000 00:00 0 
7ff6f693d000-7ff6f6a3b000 rw-p 00000000 00:00 0                          [stack:17149]
7ff6f6a3b000-7ff6f6a3e000 ---p 00000000 00:00 0 
7ff6f6a3e000-7ff6f6b3c000 rw-p 00000000 00:00 0                          [stack:17205]
7ff6f6b3c000-7ff6f6b3f000 ---p 00000000 00:00 0 
7ff6f6b3f000-7ff6f6c3d000 rw-p 00000000 00:00 0                          [stack:17206]
7ff6f6c3d000-7ff6f6c40000 ---p 00000000 00:00 0 
7ff6f6c40000-7ff6f6d3e000 rw-p 00000000 00:00 0                          [stack:17229]
7ff6f6d3e000-7ff6f6d41000 ---p 00000000 00:00 0 
7ff6f6d41000-7ff6f6e3f000 rw-p 00000000 00:00 0                          [stack:17140]
7ff6f6e3f000-7ff6f6e42000 ---p 00000000 00:00 0 
7ff6f6e42000-7ff6f6f40000 rw-p 00000000 00:00 0                          [stack:17139]
7ff6f6f40000-7ff6f6f43000 ---p 00000000 00:00 0 
7ff6f6f43000-7ff6f7041000 rw-p 00000000 00:00 0                          [stack:17137]
7ff6f7041000-7ff6f7044000 ---p 00000000 00:00 0 
7ff6f7044000-7ff6f7142000 rw-p 00000000 00:00 0                          [stack:17133]
7ff6f7142000-7ff6f7145000 ---p 00000000 00:00 0 
7ff6f7145000-7ff6f7243000 rw-p 00000000 00:00 0                          [stack:17228]
7ff6f7243000-7ff6f7246000 ---p 00000000 00:00 0 
7ff6f7246000-7ff6f7344000 rw-p 00000000 00:00 0                          [stack:17131]
7ff6f7344000-7ff6f7347000 ---p 00000000 00:00 0 
7ff6f7347000-7ff6f7445000 rw-p 00000000 00:00 0                          [stack:17127]
7ff6f7445000-7ff6f74bd000 r-xp 00000000 08:06 812834                     /usr/lib/x86_64-linux-gnu/nss/libfreebl3.so
7ff6f74bd000-7ff6f76bd000 ---p 00078000 08:06 812834                     /usr/lib/x86_64-linux-gnu/nss/libfreebl3.so
7ff6f76bd000-7ff6f76bf000 r--p 00078000 08:06 812834                     /usr/lib/x86_64-linux-gnu/nss/libfreebl3.so
7ff6f76bf000-7ff6f76c0000 rw-p 0007a000 08:06 812834                     /usr/lib/x86_64-linux-gnu/nss/libfreebl3.so
7ff6f76c0000-7ff6f76c4000 rw-p 00000000 00:00 0 
7ff6f76c4000-7ff6f7778000 r-xp 00000000 08:06 535755                     /usr/lib/x86_64-linux-gnu/libsqlite3.so.0.8.6
7ff6f7778000-7ff6f7978000 ---p 000b4000 08:06 535755                     /usr/lib/x86_64-linux-gnu/libsqlite3.so.0.8.6
7ff6f7978000-7ff6f797a000 r--p 000b4000 08:06 535755                     /usr/lib/x86_64-linux-gnu/libsqlite3.so.0.8.6
7ff6f797a000-7ff6f797c000 rw-p 000b6000 08:06 535755                     /usr/lib/x86_64-linux-gnu/libsqlite3.so.0.8.6
7ff6f797c000-7ff6f797d000 rw-p 00000000 00:00 0 
7ff6f797d000-7ff6f79bd000 r-xp 00000000 08:06 809997                     /usr/lib/x86_64-linux-gnu/nss/libsoftokn3.so
7ff6f79bd000-7ff6f7bbd000 ---p 00040000 08:06 809997                     /usr/lib/x86_64-linux-gnu/nss/libsoftokn3.so
7ff6f7bbd000-7ff6f7bbe000 r--p 00040000 08:06 809997                     /usr/lib/x86_64-linux-gnu/nss/libsoftokn3.so
7ff6f7bbe000-7ff6f7bbf000 rw-p 00041000 08:06 809997                     /usr/lib/x86_64-linux-gnu/nss/libsoftokn3.so
7ff6f7bbf000-7ff6f7bf7000 r-xp 00000000 08:06 526605                     /usr/lib/x86_64-linux-gnu/libnspr4.so
7ff6f7bf7000-7ff6f7df7000 ---p 00038000 08:06 526605                     /usr/lib/x86_64-linux-gnu/libnspr4.so
7ff6f7df7000-7ff6f7df8000 r--p 00038000 08:06 526605                     /usr/lib/x86_64-linux-gnu/libnspr4.so
7ff6f7df8000-7ff6f7df9000 rw-p 00039000 08:06 526605                     /usr/lib/x86_64-linux-gnu/libnspr4.so
7ff6f7df9000-7ff6f7dfc000 rw-p 00000000 00:00 0 
7ff6f7dfc000-7ff6f7dff000 r-xp 00000000 08:06 526602                     /usr/lib/x86_64-linux-gnu/libplds4.so
7ff6f7dff000-7ff6f7ffe000 ---p 00003000 08:06 526602                     /usr/lib/x86_64-linux-gnu/libplds4.so
7ff6f7ffe000-7ff6f7fff000 r--p 00002000 08:06 526602                     /usr/lib/x86_64-linux-gnu/libplds4.so
7ff6f7fff000-7ff6f8000000 rw-p 00003000 08:06 526602                     /usr/lib/x86_64-linux-gnu/libplds4.so
7ff6f8000000-7ff6f803d000 rw-p 00000000 00:00 0 
7ff6f803d000-7ff6fc000000 ---p 00000000 00:00 0 
7ff6fc000000-7ff6fc089000 rw-p 00000000 00:00 0 
7ff6fc089000-7ff700000000 ---p 00000000 00:00 0 
7ff700000000-7ff7017c1000 rw-p 00000000 00:00 0 
7ff7017c1000-7ff704000000 ---p 00000000 00:00 0 
7ff704000000-7ff704021000 rw-p 00000000 00:00 0 
7ff704021000-7ff708000000 ---p 00000000 00:00 0 
7ff708000000-7ff708021000 rw-p 00000000 00:00 0 
7ff708021000-7ff70c000000 ---p 00000000 00:00 0 
7ff70c000000-7ff70d445000 rw-p 00000000 00:00 0 
7ff70d445000-7ff710000000 ---p 00000000 00:00 0 
7ff710000000-7ff710021000 rw-p 00000000 00:00 0 
7ff710021000-7ff714000000 ---p 00000000 00:00 0 
7ff714000000-7ff714021000 rw-p 00000000 00:00 0 
7ff714021000-7ff718000000 ---p 00000000 00:00 0 
7ff718000000-7ff71807d000 rw-p 00000000 00:00 0 
7ff71807d000-7ff71c000000 ---p 00000000 00:00 0 
7ff71c000000-7ff71c35b000 rw-p 00000000 00:00 0 
7ff71c35b000-7ff720000000 ---p 00000000 00:00 0 
7ff720000000-7ff72005c000 rw-p 00000000 00:00 0 
7ff72005c000-7ff724000000 ---p 00000000 00:00 0 
7ff724000000-7ff72407b000 rw-p 00000000 00:00 0 
7ff72407b000-7ff728000000 ---p 00000000 00:00 0 
7ff728000000-7ff72807c000 rw-p 00000000 00:00 0 
7ff72807c000-7ff72c000000 ---p 00000000 00:00 0 
7ff72c000000-7ff72c001000 r--s 00001000 08:07 524672                     /home/albert/.m2/repository/lein-figwheel/lein-figwheel/0.1.4-SNAPSHOT/lein-figwheel-0.1.4-SNAPSHOT.jar
7ff72c001000-7ff72c004000 r--s 00017000 08:07 1608                       /home/albert/.m2/repository/http-kit/http-kit/2.1.16/http-kit-2.1.16.jar
7ff72c004000-7ff72c02f000 r--s 004a4000 08:07 133238                     /home/albert/.m2/repository/org/clojure/google-closure-library/0.0-20140226-71326067/google-closure-library-0.0-20140226-71326067.jar
7ff72c02f000-7ff72c056000 r--p 00000000 08:06 933729                     /usr/share/locale-langpack/ca/LC_MESSAGES/libc.mo
7ff72c056000-7ff72c05a000 r-xp 00000000 08:06 526604                     /usr/lib/x86_64-linux-gnu/libplc4.so
7ff72c05a000-7ff72c259000 ---p 00004000 08:06 526604                     /usr/lib/x86_64-linux-gnu/libplc4.so
7ff72c259000-7ff72c25a000 r--p 00003000 08:06 526604                     /usr/lib/x86_64-linux-gnu/libplc4.so
7ff72c25a000-7ff72c25b000 rw-p 00004000 08:06 526604                     /usr/lib/x86_64-linux-gnu/libplc4.so
7ff72c25b000-7ff72c280000 r-xp 00000000 08:06 525803                     /usr/lib/x86_64-linux-gnu/libnssutil3.so
7ff72c280000-7ff72c47f000 ---p 00025000 08:06 525803                     /usr/lib/x86_64-linux-gnu/libnssutil3.so
7ff72c47f000-7ff72c485000 r--p 00024000 08:06 525803                     /usr/lib/x86_64-linux-gnu/libnssutil3.so
7ff72c485000-7ff72c486000 rw-p 0002a000 08:06 525803                     /usr/lib/x86_64-linux-gnu/libnssutil3.so
7ff72c486000-7ff72c5b9000 r-xp 00000000 08:06 525836                     /usr/lib/x86_64-linux-gnu/libnss3.so
7ff72c5b9000-7ff72c7b8000 ---p 00133000 08:06 525836                     /usr/lib/x86_64-linux-gnu/libnss3.so
7ff72c7b8000-7ff72c7bd000 r--p 00132000 08:06 525836                     /usr/lib/x86_64-linux-gnu/libnss3.so
7ff72c7bd000-7ff72c7bf000 rw-p 00137000 08:06 525836                     /usr/lib/x86_64-linux-gnu/libnss3.so
7ff72c7bf000-7ff72c7c0000 rw-p 00000000 00:00 0 
7ff72c7c0000-7ff72c7c1000 r--s 00000000 08:07 131456                     /home/albert/.m2/repository/clout/clout/1.1.0/clout-1.1.0.jar
7ff72c7c1000-7ff72c7c3000 r--s 0000c000 08:07 1612                       /home/albert/.m2/repository/args4j/args4j/2.0.16/args4j-2.0.16.jar
7ff72c7c3000-7ff72c7c5000 r--s 0000c000 08:07 3804101                    /home/albert/.m2/repository/org/clojure/core.async/0.1.278.0-76b25b-alpha/core.async-0.1.278.0-76b25b-alpha.jar
7ff72c7c5000-7ff72c7c7000 r--s 00024000 08:07 524673                     /home/albert/.m2/repository/org/clojure/clojurescript/0.0-2197/clojurescript-0.0-2197.jar
7ff72c7c7000-7ff72c7c9000 r--s 00002000 08:07 395356                     /home/albert/.m2/repository/compojure/compojure/1.1.7/compojure-1.1.7.jar
7ff72c7c9000-7ff72c7ca000 r--s 00002000 08:07 131492                     /home/albert/.m2/repository/clj-time/clj-time/0.4.4/clj-time-0.4.4.jar
7ff72c7ca000-7ff72c7cb000 r--s 00001000 08:07 133114                     /home/albert/.m2/repository/clj-stacktrace/clj-stacktrace/0.2.5/clj-stacktrace-0.2.5.jar
7ff72c7cb000-7ff72c7d1000 r--s 00068000 08:07 133237                     /home/albert/.m2/repository/com/google/protobuf/protobuf-java/2.4.1/protobuf-java-2.4.1.jar
7ff72c7d1000-7ff72c7d3000 r--s 00011000 08:07 395352                     /home/albert/.m2/repository/org/clojure/google-closure-library-third-party/0.0-20140226-71326067/google-closure-library-third-party-0.0-20140226-71326067.jar
7ff72c7d3000-7ff72c7d6000 r--s 00019000 08:07 3804103                    /home/albert/.m2/repository/cljsbuild/cljsbuild/1.0.3/cljsbuild-1.0.3.jar
7ff72c7d6000-7ff72c7d8000 r--s 00005000 08:07 395358                     /home/albert/.m2/repository/ring/ring-core/1.2.2/ring-core-1.2.2.jar
7ff72c7d8000-7ff72c7e8000 r-xp 00000000 08:06 787431                     /usr/lib/jvm/java-7-openjdk-amd64/jre/lib/amd64/libj2pkcs11.so
7ff72c7e8000-7ff72c9e7000 ---p 00010000 08:06 787431                     /usr/lib/jvm/java-7-openjdk-amd64/jre/lib/amd64/libj2pkcs11.so
7ff72c9e7000-7ff72c9e8000 r--p 0000f000 08:06 787431                     /usr/lib/jvm/java-7-openjdk-amd64/jre/lib/amd64/libj2pkcs11.so
7ff72c9e8000-7ff72c9e9000 rw-p 00010000 08:06 787431                     /usr/lib/jvm/java-7-openjdk-amd64/jre/lib/amd64/libj2pkcs11.so
7ff72c9e9000-7ff72c9f9000 r-xp 00000000 08:06 786741                     /usr/lib/jvm/java-7-openjdk-amd64/jre/lib/amd64/libnio.so
7ff72c9f9000-7ff72cbf9000 ---p 00010000 08:06 786741                     /usr/lib/jvm/java-7-openjdk-amd64/jre/lib/amd64/libnio.so
7ff72cbf9000-7ff72cbfa000 r--p 00010000 08:06 786741                     /usr/lib/jvm/java-7-openjdk-amd64/jre/lib/amd64/libnio.so
7ff72cbfa000-7ff72cbfb000 rw-p 00011000 08:06 786741                     /usr/lib/jvm/java-7-openjdk-amd64/jre/lib/amd64/libnio.so
7ff72cbfb000-7ff72cc2c000 rw-p 00000000 00:00 0 
7ff72cc2c000-7ff72cc69000 r-xp 00000000 08:06 791054                     /lib/x86_64-linux-gnu/libpcre.so.3.13.1
7ff72cc69000-7ff72ce68000 ---p 0003d000 08:06 791054                     /lib/x86_64-linux-gnu/libpcre.so.3.13.1
7ff72ce68000-7ff72ce69000 r--p 0003c000 08:06 791054                     /lib/x86_64-linux-gnu/libpcre.so.3.13.1
7ff72ce69000-7ff72ce6a000 rw-p 0003d000 08:06 791054                     /lib/x86_64-linux-gnu/libpcre.so.3.13.1
7ff72ce6a000-7ff72ce71000 r-xp 00000000 08:06 535137                     /usr/lib/x86_64-linux-gnu/libffi.so.6.0.1
7ff72ce71000-7ff72d070000 ---p 00007000 08:06 535137                     /usr/lib/x86_64-linux-gnu/libffi.so.6.0.1
7ff72d070000-7ff72d071000 r--p 00006000 08:06 535137                     /usr/lib/x86_64-linux-gnu/libffi.so.6.0.1
7ff72d071000-7ff72d072000 rw-p 00007000 08:06 535137                     /usr/lib/x86_64-linux-gnu/libffi.so.6.0.1
7ff72d072000-7ff72d089000 r-xp 00000000 08:06 805995                     /lib/x86_64-linux-gnu/libresolv-2.19.so
7ff72d089000-7ff72d289000 ---p 00017000 08:06 805995                     /lib/x86_64-linux-gnu/libresolv-2.19.so
7ff72d289000-7ff72d28a000 r--p 00017000 08:06 805995                     /lib/x86_64-linux-gnu/libresolv-2.19.so
7ff72d28a000-7ff72d28b000 rw-p 00018000 08:06 805995                     /lib/x86_64-linux-gnu/libresolv-2.19.so
7ff72d28b000-7ff72d28d000 rw-p 00000000 00:00 0 
7ff72d28d000-7ff72d2ad000 r-xp 00000000 08:06 791081                     /lib/x86_64-linux-gnu/libselinux.so.1
7ff72d2ad000-7ff72d4ac000 ---p 00020000 08:06 791081                     /lib/x86_64-linux-gnu/libselinux.so.1
7ff72d4ac000-7ff72d4ad000 r--p 0001f000 08:06 791081                     /lib/x86_64-linux-gnu/libselinux.so.1
7ff72d4ad000-7ff72d4ae000 rw-p 00020000 08:06 791081                     /lib/x86_64-linux-gnu/libselinux.so.1
7ff72d4ae000-7ff72d4b0000 rw-p 00000000 00:00 0 
7ff72d4b0000-7ff72d4b3000 r-xp 00000000 08:06 524654                     /usr/lib/x86_64-linux-gnu/libgmodule-2.0.so.0.4002.0
7ff72d4b3000-7ff72d6b2000 ---p 00003000 08:06 524654                     /usr/lib/x86_64-linux-gnu/libgmodule-2.0.so.0.4002.0
7ff72d6b2000-7ff72d6b3000 r--p 00002000 08:06 524654                     /usr/lib/x86_64-linux-gnu/libgmodule-2.0.so.0.4002.0
7ff72d6b3000-7ff72d6b4000 rw-p 00003000 08:06 524654                     /usr/lib/x86_64-linux-gnu/libgmodule-2.0.so.0.4002.0
7ff72d6b4000-7ff72d7ba000 r-xp 00000000 08:06 792058                     /lib/x86_64-linux-gnu/libglib-2.0.so.0.4002.0
7ff72d7ba000-7ff72d9b9000 ---p 00106000 08:06 792058                     /lib/x86_64-linux-gnu/libglib-2.0.so.0.4002.0
7ff72d9b9000-7ff72d9ba000 r--p 00105000 08:06 792058                     /lib/x86_64-linux-gnu/libglib-2.0.so.0.4002.0
7ff72d9ba000-7ff72d9bb000 rw-p 00106000 08:06 792058                     /lib/x86_64-linux-gnu/libglib-2.0.so.0.4002.0
7ff72d9bb000-7ff72d9bc000 rw-p 00000000 00:00 0 
7ff72d9bc000-7ff72da0b000 r-xp 00000000 08:06 524672                     /usr/lib/x86_64-linux-gnu/libgobject-2.0.so.0.4002.0
7ff72da0b000-7ff72dc0b000 ---p 0004f000 08:06 524672                     /usr/lib/x86_64-linux-gnu/libgobject-2.0.so.0.4002.0
7ff72dc0b000-7ff72dc0c000 r--p 0004f000 08:06 524672                     /usr/lib/x86_64-linux-gnu/libgobject-2.0.so.0.4002.0
7ff72dc0c000-7ff72dc0d000 rw-p 00050000 08:06 524672                     /usr/lib/x86_64-linux-gnu/libgobject-2.0.so.0.4002.0
7ff72dc0d000-7ff72dd79000 r-xp 00000000 08:06 524676                     /usr/lib/x86_64-linux-gnu/libgio-2.0.so.0.4002.0
7ff72dd79000-7ff72df78000 ---p 0016c000 08:06 524676                     /usr/lib/x86_64-linux-gnu/libgio-2.0.so.0.4002.0
7ff72df78000-7ff72df7c000 r--p 0016b000 08:06 524676                     /usr/lib/x86_64-linux-gnu/libgio-2.0.so.0.4002.0
7ff72df7c000-7ff72df7e000 rw-p 0016f000 08:06 524676                     /usr/lib/x86_64-linux-gnu/libgio-2.0.so.0.4002.0
7ff72df7e000-7ff72df80000 rw-p 00000000 00:00 0 
7ff72df80000-7ff72df81000 r--s 00001000 08:07 131422                     /home/albert/.m2/repository/org/clojure/tools.macro/0.1.0/tools.macro-0.1.0.jar
7ff72df81000-7ff72df82000 r--s 00003000 08:07 3804095                    /home/albert/.m2/repository/lein-cljsbuild/lein-cljsbuild/1.0.3/lein-cljsbuild-1.0.3.jar
7ff72df82000-7ff72df83000 r--s 00000000 08:07 3801215                    /home/albert/.m2/repository/lein-cljsbuild/cljs-compat/1.0.0-SNAPSHOT/cljs-compat-1.0.0-SNAPSHOT.jar
7ff72df83000-7ff72df84000 r--s 00001000 08:07 3801210                    /home/albert/.m2/repository/fs/fs/1.1.2/fs-1.1.2.jar
7ff72df84000-7ff72df89000 r--s 00032000 08:07 132816                     /home/albert/.m2/repository/org/apache/commons/commons-compress/1.3/commons-compress-1.3.jar
7ff72df89000-7ff72df8a000 r--s 00000000 08:07 524654                     /home/albert/.m2/repository/lein-environ/lein-environ/1.0.0/lein-environ-1.0.0.jar
7ff72df8a000-7ff72df91000 r--s 00000000 08:06 794721                     /usr/lib/x86_64-linux-gnu/gconv/gconv-modules.cache
7ff72df91000-7ff72df94000 r--s 00017000 08:06 666864                     /usr/lib/jvm/java-7-openjdk-amd64/jre/lib/jce.jar
7ff72df94000-7ff72df98000 r--s 0004d000 08:06 666875                     /usr/lib/jvm/java-7-openjdk-amd64/jre/lib/jsse.jar
7ff72df98000-7ff72dfaf000 r-xp 00000000 08:06 786745                     /usr/lib/jvm/java-7-openjdk-amd64/jre/lib/amd64/libnet.so
7ff72dfaf000-7ff72e1ae000 ---p 00017000 08:06 786745                     /usr/lib/jvm/java-7-openjdk-amd64/jre/lib/amd64/libnet.so
7ff72e1ae000-7ff72e1af000 r--p 00016000 08:06 786745                     /usr/lib/jvm/java-7-openjdk-amd64/jre/lib/amd64/libnet.so
7ff72e1af000-7ff72e1b0000 rw-p 00017000 08:06 786745                     /usr/lib/jvm/java-7-openjdk-amd64/jre/lib/amd64/libnet.so
7ff72e1b0000-7ff72e1b3000 ---p 00000000 00:00 0 
7ff72e1b3000-7ff72e2b1000 rw-p 00000000 00:00 0                          [stack:17126]
7ff72e2b1000-7ff72e2b2000 r-xp 00000000 08:07 3540632                    /home/albert/idea-IC-139.225.3/bin/libbreakgen64.so
7ff72e2b2000-7ff72e4b1000 ---p 00001000 08:07 3540632                    /home/albert/idea-IC-139.225.3/bin/libbreakgen64.so
7ff72e4b1000-7ff72e4b2000 r--p 00000000 08:07 3540632                    /home/albert/idea-IC-139.225.3/bin/libbreakgen64.so
7ff72e4b2000-7ff72e4b3000 rw-p 00001000 08:07 3540632                    /home/albert/idea-IC-139.225.3/bin/libbreakgen64.so
7ff72e4b3000-7ff72e4b5000 r--s 00016000 08:07 3539564                    /home/albert/idea-IC-139.225.3/lib/idea_rt.jar
7ff72e4b5000-7ff72e4b6000 r--s 00002000 08:07 524487                     /home/albert/.m2/repository/riddley/riddley/0.1.6/riddley-0.1.6.jar
7ff72e4b6000-7ff72e4c1000 r--s 0006d000 08:07 395266                     /home/albert/.m2/repository/org/sonatype/sisu/sisu-guice/3.0.3/sisu-guice-3.0.3-no_aop.jar
7ff72e4c1000-7ff72e4c2000 r--s 00003000 08:07 655977                     /home/albert/.m2/repository/weasel/weasel/0.4.0-SNAPSHOT/weasel-0.4.0-SNAPSHOT.jar
7ff72e4c2000-7ff72e4c3000 r--s 00000000 08:07 395340                     /home/albert/.m2/repository/scout/scout/0.1.0/scout-0.1.0.jar
7ff72e4c3000-7ff72e4c4000 r--s 00002000 08:07 264011                     /home/albert/.m2/repository/cheshire/cheshire/5.0.2/cheshire-5.0.2.jar
7ff72e4c4000-7ff72e4ca000 r--s 0002c000 08:07 133229                     /home/albert/.m2/repository/org/sonatype/sisu/sisu-inject-plexus/2.2.3/sisu-inject-plexus-2.2.3.jar
7ff72e4ca000-7ff72e4cb000 r--s 00010000 08:07 525832                     /home/albert/.m2/repository/com/taoensso/encore/1.19.1/encore-1.19.1.jar
7ff72e4cb000-7ff72e4cd000 r--s 00005000 08:07 395719                     /home/albert/.m2/repository/org/slf4j/slf4j-api/1.6.2/slf4j-api-1.6.2.jar
7ff72e4cd000-7ff72e4cf000 r--s 00026000 08:07 395269                     /home/albert/.m2/repository/org/apache/maven/maven-model/3.0.4/maven-model-3.0.4.jar
7ff72e4cf000-7ff72e4d0000 r--s 00001000 08:07 132025                     /home/albert/.m2/repository/org/clojure/data.priority-map/0.0.2/data.priority-map-0.0.2.jar
7ff72e4d0000-7ff72e4d2000 r--s 0000d000 08:07 3803692                    /home/albert/.m2/repository/org/clojure/core.async/0.1.346.0-17112a-alpha/core.async-0.1.346.0-17112a-alpha.jar
7ff72e4d2000-7ff72e4d3000 r--s 00001000 08:07 395325                     /home/albert/.m2/repository/classlojure/classlojure/0.6.6/classlojure-0.6.6.jar
7ff72e4d3000-7ff72e4e2000 r--s 00081000 08:07 524465                     /home/albert/.m2/repository/joda-time/joda-time/2.6/joda-time-2.6.jar
7ff72e4e2000-7ff72e4e3000 r--s 00001000 08:07 133104                     /home/albert/.m2/repository/org/clojure/data.json/0.2.3/data.json-0.2.3.jar
7ff72e4e3000-7ff72e4e4000 r--s 00005000 08:07 395258                     /home/albert/.m2/repository/org/sonatype/aether/aether-connector-file/1.13.1/aether-connector-file-1.13.1.jar
7ff72e4e4000-7ff72e4e7000 r--s 0001d000 08:07 395252                     /home/albert/.m2/repository/org/sonatype/aether/aether-impl/1.13.1/aether-impl-1.13.1.jar
7ff72e4e7000-7ff72e4e9000 r--s 00002000 08:07 395253                     /home/albert/.m2/repository/com/cemerick/pomegranate/0.3.0/pomegranate-0.3.0.jar
7ff72e4e9000-7ff72e4ea000 r--s 00000000 08:07 395315                     /home/albert/.m2/repository/environ/environ/1.0.0/environ-1.0.0.jar
7ff72e4ea000-7ff72e4ec000 r--s 00015000 08:07 394214                     /home/albert/.m2/repository/org/eclipse/jetty/jetty-http/7.6.13.v20130916/jetty-http-7.6.13.v20130916.jar
7ff72e4ec000-7ff72e4ef000 r--s 0001b000 08:07 131400                     /home/albert/.m2/repository/org/eclipse/jetty/orbit/javax.servlet/2.5.0.v201103041518/javax.servlet-2.5.0.v201103041518.jar
7ff72e4ef000-7ff72e4f3000 r--s 00021000 08:07 395272                     /home/albert/.m2/repository/org/apache/maven/maven-model-builder/3.0.4/maven-model-builder-3.0.4.jar
7ff72e4f3000-7ff72e4f5000 r--s 00001000 08:07 524476                     /home/albert/.m2/repository/net/cgrand/sjacket/0.1.1/sjacket-0.1.1.jar
7ff72e4f5000-7ff72e4f6000 r--s 00004000 08:07 394212                     /home/albert/.m2/repository/org/eclipse/jetty/jetty-continuation/7.6.13.v20130916/jetty-continuation-7.6.13.v20130916.jar
7ff72e4f6000-7ff72e4f7000 r--s 00002000 08:07 395248                     /home/albert/.m2/repository/com/cemerick/piggieback/0.1.3/piggieback-0.1.3.jar
7ff72e4f7000-7ff72e4f9000 r--s 0000b000 08:07 395282                     /home/albert/.m2/repository/org/apache/maven/wagon/wagon-provider-api/2.2/wagon-provider-api-2.2.jar
7ff72e4f9000-7ff72e4fa000 r--s 00007000 08:07 395286                     /home/albert/.m2/repository/org/apache/maven/wagon/wagon-http-shared4/2.4/wagon-http-shared4-2.4.jar
7ff72e4fa000-7ff72e4fb000 r--s 00000000 08:07 131436                     /home/albert/.m2/repository/crypto-random/crypto-random/1.2.0/crypto-random-1.2.0.jar
7ff72e4fb000-7ff72e504000 r--s 0006c000 08:07 524472                     /home/albert/.m2/repository/com/ning/async-http-client/1.7.10/async-http-client-1.7.10.jar
7ff72e504000-7ff72e505000 r--s 00002000 08:07 395283                     /home/albert/.m2/repository/org/apache/maven/wagon/wagon-http/2.4/wagon-http-2.4.jar
7ff72e505000-7ff72e507000 r--s 00001000 08:07 131435                     /home/albert/.m2/repository/ring/ring-devel/1.3.1/ring-devel-1.3.1.jar
7ff72e507000-7ff72e50a000 r--s 00019000 08:07 1572                       /home/albert/.m2/repository/http-kit/http-kit/2.1.19/http-kit-2.1.19.jar
7ff72e50a000-7ff72e50c000 r--s 00006000 08:07 395276                     /home/albert/.m2/repository/org/apache/maven/maven-repository-metadata/3.0.4/maven-repository-metadata-3.0.4.jar
7ff72e50c000-7ff72e50e000 r--s 00002000 08:07 395303                     /home/albert/.m2/repository/org/clojure/tools.cli/0.3.1/tools.cli-0.3.1.jar
7ff72e50e000-7ff72e514000 r--s 0003f000 08:07 394169                     /home/albert/.m2/repository/org/apache/httpcomponents/httpcore/4.3.2/httpcore-4.3.2.jar
7ff72e514000-7ff72e518000 r--s 00031000 08:07 395302                     /home/albert/.m2/repository/jline/jline/2.12/jline-2.12.jar
7ff72e518000-7ff72e519000 r--s 00002000 08:07 131445                     /home/albert/.m2/repository/clj-stacktrace/clj-stacktrace/0.2.7/clj-stacktrace-0.2.7.jar
7ff72e519000-7ff72e51a000 r--s 00002000 08:07 394279                     /home/albert/.m2/repository/clout/clout/2.0.0/clout-2.0.0.jar
7ff72e51a000-7ff72e51c000 r--s 00006000 08:07 395259                     /home/albert/.m2/repository/org/sonatype/aether/aether-connector-wagon/1.13.1/aether-connector-wagon-1.13.1.jar
7ff72e51c000-7ff72e51e000 r--s 00003000 08:07 131417                     /home/albert/.m2/repository/org/clojure/tools.namespace/0.2.4/tools.namespace-0.2.4.jar
7ff72e51e000-7ff72e520000 r--s 00008000 08:07 3801348                    /home/albert/.m2/repository/org/clojure/tools.nrepl/0.2.3/tools.nrepl-0.2.3.jar
7ff72e520000-7ff72e521000 r--s 00003000 08:07 655967                     /home/albert/.m2/repository/compojure/compojure/1.2.0/compojure-1.2.0.jar
7ff72e521000-7ff72e52e000 r--s 00109000 08:07 133106                     /home/albert/.m2/repository/org/mozilla/rhino/1.7R4/rhino-1.7R4.jar
7ff72e52e000-7ff72e530000 r--s 00001000 08:07 394290                     /home/albert/.m2/repository/slingshot/slingshot/0.10.3/slingshot-0.10.3.jar
7ff72e530000-7ff72e536000 r--s 00033000 08:07 131423                     /home/albert/.m2/repository/commons-codec/commons-codec/1.6/commons-codec-1.6.jar
7ff72e536000-7ff72e537000 r--s 00001000 08:07 132023                     /home/albert/.m2/repository/org/clojure/core.memoize/0.5.6/core.memoize-0.5.6.jar
7ff72e537000-7ff72e53c000 r--s 00030000 08:07 394220                     /home/albert/.m2/repository/org/ow2/asm/asm-all/4.1/asm-all-4.1.jar
7ff72e53c000-7ff72e53e000 r--s 0000a000 08:07 395299                     /home/albert/.m2/repository/org/apache/lucene/lucene-queries/3.6.1/lucene-queries-3.6.1.jar
7ff72e53e000-7ff72e53f000 r--s 00003000 08:07 395320                     /home/albert/.m2/repository/om/om/0.7.3/om-0.7.3.jar
7ff72e53f000-7ff72e543000 r--s 00033000 08:07 395280                     /home/albert/.m2/repository/org/codehaus/plexus/plexus-utils/2.0.6/plexus-utils-2.0.6.jar
7ff72e543000-7ff72e544000 r--s 00008000 08:07 524481                     /home/albert/.m2/repository/clj-http/clj-http/0.9.2/clj-http-0.9.2.jar
7ff72e544000-7ff72e545000 r--s 00004000 08:07 524480                     /home/albert/.m2/repository/net/cgrand/parsley/0.9.2/parsley-0.9.2.jar
7ff72e545000-7ff72e586000 r--s 00352000 08:07 3804051                    /home/albert/.m2/repository/org/clojure/clojure/1.7.0-alpha4/clojure-1.7.0-alpha4.jar
7ff72e586000-7ff72e587000 r--s 00006000 08:07 131438                     /home/albert/.m2/repository/ring/ring-core/1.3.1/ring-core-1.3.1.jar
7ff72e587000-7ff72e589000 r--s 00008000 08:07 394268                     /home/albert/.m2/repository/com/taoensso/timbre/3.3.1/timbre-3.3.1.jar
7ff72e589000-7ff72e58e000 r--s 0004c000 08:07 394211                     /home/albert/.m2/repository/org/eclipse/jetty/jetty-server/7.6.13.v20130916/jetty-server-7.6.13.v20130916.jar
7ff72e58e000-7ff72e590000 r--s 00015000 08:07 524466                     /home/albert/.m2/repository/org/ccil/cowan/tagsoup/tagsoup/1.2.1/tagsoup-1.2.1.jar
7ff72e590000-7ff72e592000 r--s 0000a000 08:07 133097                     /home/albert/.m2/repository/org/json/json/20090211/json-20090211.jar
7ff72e592000-7ff72e593000 r--s 00001000 08:07 3804052                    /home/albert/.m2/repository/org/clojure/tools.logging/0.3.1/tools.logging-0.3.1.jar
7ff72e593000-7ff72e596000 r--s 00006000 08:07 133098                     /home/albert/.m2/repository/com/google/code/findbugs/jsr305/1.3.9/jsr305-1.3.9.jar
7ff72e596000-7ff72e5a1000 r--s 00085000 08:07 524461                     /home/albert/.m2/repository/org/apache/httpcomponents/httpclient/4.3.3/httpclient-4.3.3.jar
7ff72e5a1000-7ff72e5a2000 r--s 00010000 08:07 264009                     /home/albert/.m2/repository/com/fasterxml/jackson/dataformat/jackson-dataformat-smile/2.1.2/jackson-dataformat-smile-2.1.2.jar
7ff72e5a2000-7ff72e5a4000 r--s 00005000 08:07 524496                     /home/albert/.m2/repository/enlive/enlive/1.1.5/enlive-1.1.5.jar
7ff72e5a4000-7ff72e5a6000 r--s 0000c000 08:07 395268                     /home/albert/.m2/repository/org/apache/maven/maven-aether-provider/3.0.4/maven-aether-provider-3.0.4.jar
7ff72e5a6000-7ff72e5a8000 r--s 00005000 08:07 395291                     /home/albert/.m2/repository/org/apache/maven/indexer/indexer-artifact/4.1.3/indexer-artifact-4.1.3.jar
7ff72e5a8000-7ff72e5a9000 r--s 00001000 08:07 133231                     /home/albert/.m2/repository/org/clojure/data.xml/0.0.3/data.xml-0.0.3.jar
7ff72e5a9000-7ff72e5aa000 r--s 00003000 08:07 131451                     /home/albert/.m2/repository/hiccup/hiccup/1.0.5/hiccup-1.0.5.jar
7ff72e5aa000-7ff72e5ac000 r--s 0000f000 08:07 131412                     /home/albert/.m2/repository/commons-fileupload/commons-fileupload/1.3/commons-fileupload-1.3.jar
7ff72e5ac000-7ff72e5af000 r--s 00010000 08:07 133092                     /home/albert/.m2/repository/args4j/args4j/2.0.26/args4j-2.0.26.jar
7ff72e5af000-7ff72e5c8000 r--s 0015f000 08:07 395293                     /home/albert/.m2/repository/org/apache/lucene/lucene-core/3.6.1/lucene-core-3.6.1.jar
7ff72e5c8000-7ff72e5c9000 r--s 00002000 08:07 524508                     /home/albert/.m2/repository/clj-oauth/clj-oauth/1.5.1/clj-oauth-1.5.1.jar
7ff72e5c9000-7ff72e5ca000 r--s 00005000 08:07 394271                     /home/albert/.m2/repository/io/aviso/pretty/0.1.12/pretty-0.1.12.jar
7ff72e5ca000-7ff72e5d0000 r--s 00042000 08:07 524467                     /home/albert/.m2/repository/org/jsoup/jsoup/1.7.2/jsoup-1.7.2.jar
7ff72e5d0000-7ff72e5d1000 r--s 00007000 08:07 395401                     /home/albert/.m2/repository/org/clojure/tools.reader/0.8.9/tools.reader-0.8.9.jar
7ff72e5d1000-7ff72e5d3000 r--s 00000000 08:07 395334                     /home/albert/.m2/repository/bultitude/bultitude/0.2.6/bultitude-0.2.6.jar
7ff72e5d3000-7ff72e5d4000 r--s 0000c000 08:07 394280                     /home/albert/.m2/repository/instaparse/instaparse/1.3.4/instaparse-1.3.4.jar
7ff72e5d4000-7ff72e5d5000 r--s 00002000 08:07 395350                     /home/albert/.m2/repository/figwheel/figwheel/0.1.4-SNAPSHOT/figwheel-0.1.4-SNAPSHOT.jar
7ff72e5d5000-7ff72e5d9000 r--s 0001c000 08:07 395254                     /home/albert/.m2/repository/org/sonatype/aether/aether-util/1.13.1/aether-util-1.13.1.jar
7ff72e5d9000-7ff72e5db000 r--s 0000e000 08:07 394172                     /home/albert/.m2/repository/commons-logging/commons-logging/1.1.3/commons-logging-1.1.3.jar
7ff72e5db000-7ff72e5dc000 r--s 00001000 08:07 524486                     /home/albert/.m2/repository/clj-tuple/clj-tuple/0.1.2/clj-tuple-0.1.2.jar
7ff72e5dc000-7ff72e5dd000 r--s 00000000 08:07 131437                     /home/albert/.m2/repository/crypto-equality/crypto-equality/1.0.0/crypto-equality-1.0.0.jar
7ff72e5dd000-7ff72e5e1000 r--s 0002a000 08:07 131411                     /home/albert/.m2/repository/commons-io/commons-io/2.4/commons-io-2.4.jar
7ff72e5e1000-7ff72e5e3000 r--s 00011000 08:07 133102                     /home/albert/.m2/repository/org/clojure/google-closure-library-third-party/0.0-20140718-946a7d39/google-closure-library-third-party-0.0-20140718-946a7d39.jar
7ff72e5e3000-7ff72e5e4000 r--s 00004000 08:07 524506                     /home/albert/.m2/repository/http/async/client/http.async.client/0.5.2/http.async.client-0.5.2.jar
7ff72e5e4000-7ff72e5e6000 r--s 0000d000 08:07 395273                     /home/albert/.m2/repository/org/codehaus/plexus/plexus-interpolation/1.14/plexus-interpolation-1.14.jar
7ff72e5e6000-7ff72e611000 r--s 001f9000 08:07 133093                     /home/albert/.m2/repository/com/google/guava/guava/17.0/guava-17.0.jar
7ff72e611000-7ff72e612000 r--s 00001000 08:07 394298                     /home/albert/.m2/repository/ring/ring-servlet/1.3.1/ring-servlet-1.3.1.jar
7ff72e612000-7ff72e613000 r--s 00002000 08:07 655968                     /home/albert/.m2/repository/medley/medley/0.5.1/medley-0.5.1.jar
7ff72e613000-7ff72e61b000 r--s 0007b000 08:07 133096                     /home/albert/.m2/repository/com/google/protobuf/protobuf-java/2.5.0/protobuf-java-2.5.0.jar
7ff72e61b000-7ff72e61c000 r--s 00003000 08:07 395339                     /home/albert/.m2/repository/stencil/stencil/0.3.3/stencil-0.3.3.jar
7ff72e61c000-7ff72e61e000 r--s 00000000 08:07 395289                     /home/albert/.m2/repository/org/tcrawley/dynapath/0.2.3/dynapath-0.2.3.jar
7ff72e61e000-7ff72e621000 r--s 00016000 08:07 394216                     /home/albert/.m2/repository/org/eclipse/jetty/jetty-io/7.6.13.v20130916/jetty-io-7.6.13.v20130916.jar
7ff72e621000-7ff72e623000 r--s 0000a000 08:07 395262                     /home/albert/.m2/repository/org/codehaus/plexus/plexus-classworlds/2.4/plexus-classworlds-2.4.jar
7ff72e623000-7ff72e624000 r--s 00000000 08:07 395329                     /home/albert/.m2/repository/robert/hooke/1.3.0/hooke-1.3.0.jar
7ff72e624000-7ff72e625000 r--s 00001000 08:07 131446                     /home/albert/.m2/repository/ns-tracker/ns-tracker/0.2.2/ns-tracker-0.2.2.jar
7ff72e625000-7ff72e626000 r--s 00003000 08:07 524479                     /home/albert/.m2/repository/net/cgrand/regex/1.1.0/regex-1.1.0.jar
7ff72e626000-7ff72e628000 r--s 00000000 08:07 263970                     /home/albert/.m2/repository/ring/ring-jetty-adapter/1.3.1/ring-jetty-adapter-1.3.1.jar
7ff72e628000-7ff72e62a000 r--s 0000d000 08:07 525831                     /home/albert/.m2/repository/com/taoensso/sente/1.3.0/sente-1.3.0.jar
7ff72e62a000-7ff72e640000 r--s 00152000 08:07 395324                     /home/albert/.m2/repository/leiningen/leiningen/2.5.0/leiningen-2.5.0.jar
7ff72e640000-7ff72e641000 r--s 00001000 08:07 395333                     /home/albert/.m2/repository/pedantic/pedantic/0.2.0/pedantic-0.2.0.jar
7ff72e641000-7ff72e643000 r--s 00008000 08:07 395342                     /home/albert/.m2/repository/reply/reply/0.3.5/reply-0.3.5.jar
7ff72e643000-7ff72e645000 r--s 00000000 08:07 395277                     /home/albert/.m2/repository/org/codehaus/plexus/plexus-component-annotations/1.5.5/plexus-component-annotations-1.5.5.jar
7ff72e645000-7ff72e647000 r--s 0001c000 08:07 524503                     /home/albert/.m2/repository/twitter-api/twitter-api/0.7.7/twitter-api-0.7.7.jar
7ff72e647000-7ff72e674000 r--s 004c0000 08:07 133100                     /home/albert/.m2/repository/org/clojure/google-closure-library/0.0-20140718-946a7d39/google-closure-library-0.0-20140718-946a7d39.jar
7ff72e674000-7ff72e675000 r--s 00001000 08:07 1574                       /home/albert/.m2/repository/ring/ring/1.3.1/ring-1.3.1.jar
7ff72e675000-7ff72e677000 r--s 00005000 08:07 395330                     /home/albert/.m2/repository/com/hypirion/io/0.3.1/io-0.3.1.jar
7ff72e677000-7ff72e679000 r--s 00026000 08:07 263887                     /home/albert/.m2/repository/org/clojure/clojurescript/0.0-2371/clojurescript-0.0-2371.jar
7ff72e679000-7ff72e67a000 r--s 00000000 08:07 395341                     /home/albert/.m2/repository/quoin/quoin/0.1.0/quoin-0.1.0.jar
7ff72e67a000-7ff72e67b000 r--s 00004000 08:07 524495                     /home/albert/.m2/repository/clj-time/clj-time/0.9.0/clj-time-0.9.0.jar
7ff72e67b000-7ff72e67c000 r--s 00003000 08:07 524485                     /home/albert/.m2/repository/potemkin/potemkin/0.3.4/potemkin-0.3.4.jar
7ff72e67c000-7ff72e681000 r--s 00034000 08:07 395292                     /home/albert/.m2/repository/org/apache/maven/indexer/indexer-core/4.1.3/indexer-core-4.1.3.jar
7ff72e681000-7ff72e686000 r--s 0003c000 08:07 394218                     /home/albert/.m2/repository/org/eclipse/jetty/jetty-util/7.6.13.v20130916/jetty-util-7.6.13.v20130916.jar
7ff72e686000-7ff72e6ae000 r--s 001a3000 08:07 1606                       /home/albert/.m2/repository/org/bouncycastle/bcprov-jdk16/1.46/bcprov-jdk16-1.46.jar
7ff72e6ae000-7ff72e6db000 r--s 0028a000 08:07 133090                     /home/albert/.m2/repository/com/google/javascript/closure-compiler/v20140625/closure-compiler-v20140625.jar
7ff72e6db000-7ff72e6dc000 ---p 00000000 00:00 0 
7ff72e6dc000-7ff72e7dc000 rw-p 00000000 00:00 0                          [stack:17122]
7ff72e7dc000-7ff72e7df000 ---p 00000000 00:00 0 
7ff72e7df000-7ff72e8dd000 rw-p 00000000 00:00 0                          [stack:17121]
7ff72e8dd000-7ff72e8e0000 ---p 00000000 00:00 0 
7ff72e8e0000-7ff72e9de000 rw-p 00000000 00:00 0                          [stack:17120]
7ff72e9de000-7ff72e9e1000 ---p 00000000 00:00 0 
7ff72e9e1000-7ff72eadf000 rw-p 00000000 00:00 0                          [stack:17119]
7ff72eadf000-7ff72eae2000 ---p 00000000 00:00 0 
7ff72eae2000-7ff731000000 rw-p 00000000 00:00 0                          [stack:17118]
7ff731000000-7ff7315d0000 rwxp 00000000 00:00 0 
7ff7315d0000-7ff73583d000 rw-p 00000000 00:00 0 
7ff73583d000-7ff738000000 ---p 00000000 00:00 0 
7ff738000000-7ff738001000 r--s 00002000 08:07 132024                     /home/albert/.m2/repository/org/clojure/core.cache/0.6.3/core.cache-0.6.3.jar
7ff738001000-7ff738003000 r--s 00007000 08:07 3803702                    /home/albert/.m2/repository/org/clojure/tools.analyzer.jvm/0.1.0-beta12/tools.analyzer.jvm-0.1.0-beta12.jar
7ff738003000-7ff738004000 r--s 00000000 08:07 131449                     /home/albert/.m2/repository/ring/ring-codec/1.0.0/ring-codec-1.0.0.jar
7ff738004000-7ff738017000 r--s 000da000 08:07 524471                     /home/albert/.m2/repository/io/netty/netty/3.4.4.Final/netty-3.4.4.Final.jar
7ff738017000-7ff738018000 r--s 0001c000 08:07 133091                     /home/albert/.m2/repository/com/google/javascript/closure-compiler-externs/v20140625/closure-compiler-externs-v20140625.jar
7ff738018000-7ff738019000 r--s 00000000 08:07 395314                     /home/albert/.m2/repository/digest/digest/1.4.3/digest-1.4.3.jar
7ff738019000-7ff73801b000 r--s 00014000 08:07 395295                     /home/albert/.m2/repository/org/apache/lucene/lucene-highlighter/3.6.1/lucene-highlighter-3.6.1.jar
7ff73801b000-7ff73801c000 r--s 00000000 08:07 524475                     /home/albert/.m2/repository/trptcolin/versioneer/0.1.1/versioneer-0.1.1.jar
7ff73801c000-7ff73801e000 r--s 00008000 08:07 395328                     /home/albert/.m2/repository/useful/useful/0.8.3-alpha8/useful-0.8.3-alpha8.jar
7ff73801e000-7ff738021000 r--s 00013000 08:07 3804079                    /home/albert/.m2/repository/org/sonatype/aether/aether-api/1.13.1/aether-api-1.13.1.jar
7ff738021000-7ff738022000 r--s 00001000 08:07 394159                     /home/albert/.m2/repository/org/clojure/tools.macro/0.1.5/tools.macro-0.1.5.jar
7ff738022000-7ff738023000 r--s 00001000 08:07 395346                     /home/albert/.m2/repository/com/cemerick/drawbridge/0.0.6/drawbridge-0.0.6.jar
7ff738023000-7ff738029000 r--s 0003a000 08:07 395264                     /home/albert/.m2/repository/org/sonatype/sisu/sisu-inject-bean/2.2.3/sisu-inject-bean-2.2.3.jar
7ff738029000-7ff73802a000 r--s 00000000 08:07 131430                     /home/albert/.m2/repository/watchtower/watchtower/0.1.1/watchtower-0.1.1.jar
7ff73802a000-7ff73802c000 r--s 00005000 08:07 1568                       /home/albert/.m2/repository/org/clojure/tools.analyzer/0.1.0-beta12/tools.analyzer-0.1.0-beta12.jar
7ff73802c000-7ff73802d000 r--s 00003000 08:07 395257                     /home/albert/.m2/repository/org/sonatype/aether/aether-spi/1.13.1/aether-spi-1.13.1.jar
7ff73802d000-7ff738031000 r--s 0002f000 08:07 395307                     /home/albert/.m2/repository/com/fasterxml/jackson/core/jackson-core/2.1.3/jackson-core-2.1.3.jar
7ff738031000-7ff738033000 r--s 00008000 08:07 395322                     /home/albert/.m2/repository/leiningen-core/leiningen-core/2.5.0/leiningen-core-2.5.0.jar
7ff738033000-7ff738035000 r--s 00008000 08:07 524462                     /home/albert/.m2/repository/org/apache/httpcomponents/httpmime/4.3.3/httpmime-4.3.3.jar
7ff738035000-7ff738036000 r--s 00000000 08:07 131419                     /home/albert/.m2/repository/org/clojure/java.classpath/0.2.2/java.classpath-0.2.2.jar
7ff738036000-7ff738037000 r--s 00051000 08:07 395323                     /home/albert/.m2/repository/com/facebook/react/0.11.1/react-0.11.1.jar
7ff738037000-7ff738885000 r--p 00000000 08:06 532499                     /usr/lib/locale/locale-archive
7ff738885000-7ff738888000 ---p 00000000 00:00 0 
7ff738888000-7ff738986000 rw-p 00000000 00:00 0                          [stack:17117]
7ff738986000-7ff738989000 ---p 00000000 00:00 0 
7ff738989000-7ff738a87000 rw-p 00000000 00:00 0                          [stack:17116]
7ff738a87000-7ff738a88000 ---p 00000000 00:00 0 
7ff738a88000-7ff739b85000 rw-p 00000000 00:00 0                          [stack:17115]
7ff739b85000-7ff739d37000 r--s 01d23000 08:06 666872                     /usr/lib/jvm/java-7-openjdk-amd64/jre/lib/rt.jar
7ff739d37000-7ff73a072000 rw-p 00000000 00:00 0 
7ff73a072000-7ff73a073000 ---p 00000000 00:00 0 
7ff73a073000-7ff73a173000 rw-p 00000000 00:00 0                          [stack:17114]
7ff73a173000-7ff73a174000 ---p 00000000 00:00 0 
7ff73a174000-7ff73a274000 rw-p 00000000 00:00 0                          [stack:17113]
7ff73a274000-7ff73a275000 ---p 00000000 00:00 0 
7ff73a275000-7ff73a375000 rw-p 00000000 00:00 0                          [stack:17112]
7ff73a375000-7ff73a376000 ---p 00000000 00:00 0 
7ff73a376000-7ff73a4af000 rw-p 00000000 00:00 0                          [stack:17111]
7ff73a4af000-7ff73a4b6000 ---p 00000000 00:00 0 
7ff73a4b6000-7ff73a4c9000 rw-p 00000000 00:00 0 
7ff73a4c9000-7ff73a5b9000 rw-p 00000000 00:00 0 
7ff73a5b9000-7ff73a613000 rw-p 00000000 00:00 0 
7ff73a613000-7ff73a64c000 rw-p 00000000 00:00 0 
7ff73a64c000-7ff73a653000 ---p 00000000 00:00 0 
7ff73a653000-7ff73a666000 rw-p 00000000 00:00 0 
7ff73a666000-7ff73a756000 rw-p 00000000 00:00 0 
7ff73a756000-7ff73a7b0000 rw-p 00000000 00:00 0 
7ff73a7b0000-7ff73a851000 rw-p 00000000 00:00 0 
7ff73a851000-7ff73a855000 ---p 00000000 00:00 0 
7ff73a855000-7ff73a856000 rw-p 00000000 00:00 0 
7ff73a856000-7ff73a85e000 r-xp 00000000 08:06 787439                     /usr/lib/jvm/java-7-openjdk-amd64/jre/lib/amd64/libzip.so
7ff73a85e000-7ff73aa5d000 ---p 00008000 08:06 787439                     /usr/lib/jvm/java-7-openjdk-amd64/jre/lib/amd64/libzip.so
7ff73aa5d000-7ff73aa5e000 r--p 00007000 08:06 787439                     /usr/lib/jvm/java-7-openjdk-amd64/jre/lib/amd64/libzip.so
7ff73aa5e000-7ff73aa5f000 rw-p 00008000 08:06 787439                     /usr/lib/jvm/java-7-openjdk-amd64/jre/lib/amd64/libzip.so
7ff73aa5f000-7ff73aa6a000 r-xp 00000000 08:06 806000                     /lib/x86_64-linux-gnu/libnss_files-2.19.so
7ff73aa6a000-7ff73ac69000 ---p 0000b000 08:06 806000                     /lib/x86_64-linux-gnu/libnss_files-2.19.so
7ff73ac69000-7ff73ac6a000 r--p 0000a000 08:06 806000                     /lib/x86_64-linux-gnu/libnss_files-2.19.so
7ff73ac6a000-7ff73ac6b000 rw-p 0000b000 08:06 806000                     /lib/x86_64-linux-gnu/libnss_files-2.19.so
7ff73ac6b000-7ff73ac76000 r-xp 00000000 08:06 805997                     /lib/x86_64-linux-gnu/libnss_nis-2.19.so
7ff73ac76000-7ff73ae75000 ---p 0000b000 08:06 805997                     /lib/x86_64-linux-gnu/libnss_nis-2.19.so
7ff73ae75000-7ff73ae76000 r--p 0000a000 08:06 805997                     /lib/x86_64-linux-gnu/libnss_nis-2.19.so
7ff73ae76000-7ff73ae77000 rw-p 0000b000 08:06 805997                     /lib/x86_64-linux-gnu/libnss_nis-2.19.so
7ff73ae77000-7ff73ae8e000 r-xp 00000000 08:06 805991                     /lib/x86_64-linux-gnu/libnsl-2.19.so
7ff73ae8e000-7ff73b08d000 ---p 00017000 08:06 805991                     /lib/x86_64-linux-gnu/libnsl-2.19.so
7ff73b08d000-7ff73b08e000 r--p 00016000 08:06 805991                     /lib/x86_64-linux-gnu/libnsl-2.19.so
7ff73b08e000-7ff73b08f000 rw-p 00017000 08:06 805991                     /lib/x86_64-linux-gnu/libnsl-2.19.so
7ff73b08f000-7ff73b091000 rw-p 00000000 00:00 0 
7ff73b091000-7ff73b09a000 r-xp 00000000 08:06 805988                     /lib/x86_64-linux-gnu/libnss_compat-2.19.so
7ff73b09a000-7ff73b299000 ---p 00009000 08:06 805988                     /lib/x86_64-linux-gnu/libnss_compat-2.19.so
7ff73b299000-7ff73b29a000 r--p 00008000 08:06 805988                     /lib/x86_64-linux-gnu/libnss_compat-2.19.so
7ff73b29a000-7ff73b29b000 rw-p 00009000 08:06 805988                     /lib/x86_64-linux-gnu/libnss_compat-2.19.so
7ff73b29b000-7ff73b2c6000 r-xp 00000000 08:06 786754                     /usr/lib/jvm/java-7-openjdk-amd64/jre/lib/amd64/libjava.so
7ff73b2c6000-7ff73b4c6000 ---p 0002b000 08:06 786754                     /usr/lib/jvm/java-7-openjdk-amd64/jre/lib/amd64/libjava.so
7ff73b4c6000-7ff73b4c7000 r--p 0002b000 08:06 786754                     /usr/lib/jvm/java-7-openjdk-amd64/jre/lib/amd64/libjava.so
7ff73b4c7000-7ff73b4c9000 rw-p 0002c000 08:06 786754                     /usr/lib/jvm/java-7-openjdk-amd64/jre/lib/amd64/libjava.so
7ff73b4c9000-7ff73b4d9000 r-xp 00000000 08:06 786753                     /usr/lib/jvm/java-7-openjdk-amd64/jre/lib/amd64/libverify.so
7ff73b4d9000-7ff73b6d8000 ---p 00010000 08:06 786753                     /usr/lib/jvm/java-7-openjdk-amd64/jre/lib/amd64/libverify.so
7ff73b6d8000-7ff73b6da000 r--p 0000f000 08:06 786753                     /usr/lib/jvm/java-7-openjdk-amd64/jre/lib/amd64/libverify.so
7ff73b6da000-7ff73b6db000 rw-p 00011000 08:06 786753                     /usr/lib/jvm/java-7-openjdk-amd64/jre/lib/amd64/libverify.so
7ff73b6db000-7ff73b6e2000 r-xp 00000000 08:06 805983                     /lib/x86_64-linux-gnu/librt-2.19.so
7ff73b6e2000-7ff73b8e1000 ---p 00007000 08:06 805983                     /lib/x86_64-linux-gnu/librt-2.19.so
7ff73b8e1000-7ff73b8e2000 r--p 00006000 08:06 805983                     /lib/x86_64-linux-gnu/librt-2.19.so
7ff73b8e2000-7ff73b8e3000 rw-p 00007000 08:06 805983                     /lib/x86_64-linux-gnu/librt-2.19.so
7ff73b8e3000-7ff73b8f9000 r-xp 00000000 08:06 790928                     /lib/x86_64-linux-gnu/libgcc_s.so.1
7ff73b8f9000-7ff73baf8000 ---p 00016000 08:06 790928                     /lib/x86_64-linux-gnu/libgcc_s.so.1
7ff73baf8000-7ff73baf9000 rw-p 00015000 08:06 790928                     /lib/x86_64-linux-gnu/libgcc_s.so.1
7ff73baf9000-7ff73bbfe000 r-xp 00000000 08:06 805990                     /lib/x86_64-linux-gnu/libm-2.19.so
7ff73bbfe000-7ff73bdfd000 ---p 00105000 08:06 805990                     /lib/x86_64-linux-gnu/libm-2.19.so
7ff73bdfd000-7ff73bdfe000 r--p 00104000 08:06 805990                     /lib/x86_64-linux-gnu/libm-2.19.so
7ff73bdfe000-7ff73bdff000 rw-p 00105000 08:06 805990                     /lib/x86_64-linux-gnu/libm-2.19.so
7ff73bdff000-7ff73bee5000 r-xp 00000000 08:06 535765                     /usr/lib/x86_64-linux-gnu/libstdc++.so.6.0.19
7ff73bee5000-7ff73c0e4000 ---p 000e6000 08:06 535765                     /usr/lib/x86_64-linux-gnu/libstdc++.so.6.0.19
7ff73c0e4000-7ff73c0ec000 r--p 000e5000 08:06 535765                     /usr/lib/x86_64-linux-gnu/libstdc++.so.6.0.19
7ff73c0ec000-7ff73c0ee000 rw-p 000ed000 08:06 535765                     /usr/lib/x86_64-linux-gnu/libstdc++.so.6.0.19
7ff73c0ee000-7ff73c103000 rw-p 00000000 00:00 0 
7ff73c103000-7ff73cc1b000 r-xp 00000000 08:06 917570                     /usr/lib/jvm/java-7-openjdk-amd64/jre/lib/amd64/server/libjvm.so
7ff73cc1b000-7ff73ce1b000 ---p 00b18000 08:06 917570                     /usr/lib/jvm/java-7-openjdk-amd64/jre/lib/amd64/server/libjvm.so
7ff73ce1b000-7ff73ceb5000 r--p 00b18000 08:06 917570                     /usr/lib/jvm/java-7-openjdk-amd64/jre/lib/amd64/server/libjvm.so
7ff73ceb5000-7ff73ced8000 rw-p 00bb2000 08:06 917570                     /usr/lib/jvm/java-7-openjdk-amd64/jre/lib/amd64/server/libjvm.so
7ff73ced8000-7ff73cf06000 rw-p 00000000 00:00 0 
7ff73cf06000-7ff73cf1e000 r-xp 00000000 08:06 791114                     /lib/x86_64-linux-gnu/libz.so.1.2.8
7ff73cf1e000-7ff73d11d000 ---p 00018000 08:06 791114                     /lib/x86_64-linux-gnu/libz.so.1.2.8
7ff73d11d000-7ff73d11e000 r--p 00017000 08:06 791114                     /lib/x86_64-linux-gnu/libz.so.1.2.8
7ff73d11e000-7ff73d11f000 rw-p 00018000 08:06 791114                     /lib/x86_64-linux-gnu/libz.so.1.2.8
7ff73d11f000-7ff73d138000 r-xp 00000000 08:06 805999                     /lib/x86_64-linux-gnu/libpthread-2.19.so
7ff73d138000-7ff73d337000 ---p 00019000 08:06 805999                     /lib/x86_64-linux-gnu/libpthread-2.19.so
7ff73d337000-7ff73d338000 r--p 00018000 08:06 805999                     /lib/x86_64-linux-gnu/libpthread-2.19.so
7ff73d338000-7ff73d339000 rw-p 00019000 08:06 805999                     /lib/x86_64-linux-gnu/libpthread-2.19.so
7ff73d339000-7ff73d33d000 rw-p 00000000 00:00 0 
7ff73d33d000-7ff73d340000 r-xp 00000000 08:06 805986                     /lib/x86_64-linux-gnu/libdl-2.19.so
7ff73d340000-7ff73d53f000 ---p 00003000 08:06 805986                     /lib/x86_64-linux-gnu/libdl-2.19.so
7ff73d53f000-7ff73d540000 r--p 00002000 08:06 805986                     /lib/x86_64-linux-gnu/libdl-2.19.so
7ff73d540000-7ff73d541000 rw-p 00003000 08:06 805986                     /lib/x86_64-linux-gnu/libdl-2.19.so
7ff73d541000-7ff73d6fc000 r-xp 00000000 08:06 805982                     /lib/x86_64-linux-gnu/libc-2.19.so
7ff73d6fc000-7ff73d8fc000 ---p 001bb000 08:06 805982                     /lib/x86_64-linux-gnu/libc-2.19.so
7ff73d8fc000-7ff73d900000 r--p 001bb000 08:06 805982                     /lib/x86_64-linux-gnu/libc-2.19.so
7ff73d900000-7ff73d902000 rw-p 001bf000 08:06 805982                     /lib/x86_64-linux-gnu/libc-2.19.so
7ff73d902000-7ff73d907000 rw-p 00000000 00:00 0 
7ff73d907000-7ff73d914000 r-xp 00000000 08:06 786737                     /usr/lib/jvm/java-7-openjdk-amd64/jre/lib/amd64/jli/libjli.so
7ff73d914000-7ff73db13000 ---p 0000d000 08:06 786737                     /usr/lib/jvm/java-7-openjdk-amd64/jre/lib/amd64/jli/libjli.so
7ff73db13000-7ff73db14000 r--p 0000c000 08:06 786737                     /usr/lib/jvm/java-7-openjdk-amd64/jre/lib/amd64/jli/libjli.so
7ff73db14000-7ff73db15000 rw-p 0000d000 08:06 786737                     /usr/lib/jvm/java-7-openjdk-amd64/jre/lib/amd64/jli/libjli.so
7ff73db15000-7ff73db38000 r-xp 00000000 08:06 805980                     /lib/x86_64-linux-gnu/ld-2.19.so
7ff73db38000-7ff73db3a000 r--s 00006000 08:07 395298                     /home/albert/.m2/repository/org/apache/lucene/lucene-memory/3.6.1/lucene-memory-3.6.1.jar
7ff73db3a000-7ff73db3b000 r--s 00000000 08:07 3801352                    /home/albert/.m2/repository/clojure-complete/clojure-complete/0.2.3/clojure-complete-0.2.3.jar
7ff73db3b000-7ff73db3d000 r--s 00006000 08:06 940100                     /usr/share/java/java-atk-wrapper.jar
7ff73db3d000-7ff73db40000 r--s 00086000 08:06 393563                     /usr/lib/jvm/java-7-openjdk-amd64/jre/lib/ext/localedata.jar
7ff73db40000-7ff73db6f000 rw-p 00000000 00:00 0 
7ff73db6f000-7ff73dc17000 rw-p 00000000 00:00 0 
7ff73dc17000-7ff73dc1a000 ---p 00000000 00:00 0 
7ff73dc1a000-7ff73dd1d000 rw-p 00000000 00:00 0                          [stack:17109]
7ff73dd1d000-7ff73dd21000 r--s 0003c000 08:06 393559                     /usr/lib/jvm/java-7-openjdk-amd64/jre/lib/ext/sunpkcs11.jar
7ff73dd21000-7ff73dd24000 r--s 0000f000 08:06 393558                     /usr/lib/jvm/java-7-openjdk-amd64/jre/lib/ext/icedtea-sound.jar
7ff73dd24000-7ff73dd25000 r--s 00002000 08:06 393562                     /usr/lib/jvm/java-7-openjdk-amd64/jre/lib/ext/dnsns.jar
7ff73dd25000-7ff73dd27000 r--s 00012000 08:06 393561                     /usr/lib/jvm/java-7-openjdk-amd64/jre/lib/ext/zipfs.jar
7ff73dd27000-7ff73dd2b000 r--s 00034000 08:06 393560                     /usr/lib/jvm/java-7-openjdk-amd64/jre/lib/ext/sunjce_provider.jar
7ff73dd2b000-7ff73dd33000 rw-s 00000000 08:06 3546                       /tmp/hsperfdata_albert/17107
7ff73dd33000-7ff73dd34000 rw-p 00000000 00:00 0 
7ff73dd34000-7ff73dd35000 ---p 00000000 00:00 0 
7ff73dd35000-7ff73dd37000 rw-p 00000000 00:00 0 
7ff73dd37000-7ff73dd38000 r--p 00022000 08:06 805980                     /lib/x86_64-linux-gnu/ld-2.19.so
7ff73dd38000-7ff73dd39000 rw-p 00023000 08:06 805980                     /lib/x86_64-linux-gnu/ld-2.19.so
7ff73dd39000-7ff73dd3a000 rw-p 00000000 00:00 0 
7fffa0c45000-7fffa0c69000 rw-p 00000000 00:00 0                          [stack]
7fffa0d9e000-7fffa0da0000 r-xp 00000000 00:00 0                          [vdso]
ffffffffff600000-ffffffffff601000 r-xp 00000000 00:00 0                  [vsyscall]

VM Arguments:
jvm_args: -Dclojure.compile.path=/home/albert/Dropbox/Clojure/twitter_websockets/target/classes -Dtwitter_websockets.version=0.1.0-SNAPSHOT -Dfile.encoding=UTF-8 -Dclojure.debug=false -Didea.launcher.port=7534 -Didea.launcher.bin.path=/home/albert/idea-IC-139.225.3/bin 
java_command: com.intellij.rt.execution.application.AppMain clojure.main -i /home/albert/.IdeaIC14/system/tmp/form-init8485541996680622021.clj
Launcher Type: SUN_STANDARD

Environment Variables:
CLASSPATH=/home/albert/idea-IC-139.225.3/bin/../lib/bootstrap.jar:/home/albert/idea-IC-139.225.3/bin/../lib/extensions.jar:/home/albert/idea-IC-139.225.3/bin/../lib/util.jar:/home/albert/idea-IC-139.225.3/bin/../lib/jdom.jar:/home/albert/idea-IC-139.225.3/bin/../lib/log4j.jar:/home/albert/idea-IC-139.225.3/bin/../lib/trove4j.jar:/home/albert/idea-IC-139.225.3/bin/../lib/jna.jar:/usr/lib/jvm/java-8-oracle/lib/tools.jar
PATH=/usr/local/sbin:/usr/local/bin:/usr/sbin:/usr/bin:/sbin:/bin:/usr/games:/usr/local/games
LD_LIBRARY_PATH=/home/albert/idea-IC-139.225.3/bin:
SHELL=/bin/bash
DISPLAY=:0.0

Signal Handlers:
SIGSEGV: [libjvm.so+0x94b4b0], sa_mask[0]=0x7ffbfeff, sa_flags=0x10000004
SIGBUS: [libjvm.so+0x94b4b0], sa_mask[0]=0x7ffbfeff, sa_flags=0x10000004
SIGFPE: [libjvm.so+0x7c3390], sa_mask[0]=0x7ffbfeff, sa_flags=0x10000004
SIGPIPE: SIG_IGN, sa_mask[0]=0x00000000, sa_flags=0x00000000
SIGXFSZ: [libjvm.so+0x7c3390], sa_mask[0]=0x7ffbfeff, sa_flags=0x10000004
SIGILL: [libjvm.so+0x7c3390], sa_mask[0]=0x7ffbfeff, sa_flags=0x10000004
SIGUSR1: SIG_DFL, sa_mask[0]=0x00000000, sa_flags=0x00000000
SIGUSR2: [libjvm.so+0x7c3230], sa_mask[0]=0x00000004, sa_flags=0x10000004
SIGHUP: [libjvm.so+0x7c3410], sa_mask[0]=0x7ffbfeff, sa_flags=0x10000004
SIGINT: [libjvm.so+0x7c3410], sa_mask[0]=0x7ffbfeff, sa_flags=0x10000004
SIGTERM: [libjvm.so+0x7c3410], sa_mask[0]=0x7ffbfeff, sa_flags=0x10000004
SIGQUIT: [libjvm.so+0x7c3410], sa_mask[0]=0x7ffbfeff, sa_flags=0x10000004
SIGTRAP: SIG_DFL, sa_mask[0]=0x00000000, sa_flags=0x00000000


---------------  S Y S T E M  ---------------

OS:Ubuntu 14.04 (trusty)
uname:Linux 3.13.0-45-generic #74-Ubuntu SMP Tue Jan 13 19:36:28 UTC 2015 x86_64
libc:glibc 2.19 NPTL 2.19 
rlimit: STACK 8192k, CORE 0k, NPROC 31447, NOFILE 4096, AS infinity
load average:23,69 11,47 4,84

/proc/meminfo:
MemTotal:        4046924 kB
MemFree:          140420 kB
Buffers:             228 kB
Cached:            62672 kB
SwapCached:        12888 kB
Active:          2983844 kB
Inactive:         697988 kB
Active(anon):    2971184 kB
Inactive(anon):   683460 kB
Active(file):      12660 kB
Inactive(file):    14528 kB
Unevictable:         200 kB
Mlocked:             200 kB
SwapTotal:        975868 kB
SwapFree:             88 kB
Dirty:               188 kB
Writeback:           476 kB
AnonPages:       3606952 kB
Mapped:            57576 kB
Shmem:             34968 kB
Slab:              77196 kB
SReclaimable:      35900 kB
SUnreclaim:        41296 kB
KernelStack:        6320 kB
PageTables:        57584 kB
NFS_Unstable:          0 kB
Bounce:                0 kB
WritebackTmp:          0 kB
CommitLimit:     2999328 kB
Committed_AS:    8954200 kB
VmallocTotal:   34359738367 kB
VmallocUsed:       88456 kB
VmallocChunk:   34359640292 kB
HardwareCorrupted:     0 kB
AnonHugePages:   1327104 kB
HugePages_Total:       0
HugePages_Free:        0
HugePages_Rsvd:        0
HugePages_Surp:        0
Hugepagesize:       2048 kB
DirectMap4k:       70528 kB
DirectMap2M:     4122624 kB


CPU:total 4 (4 cores per cpu, 1 threads per core) family 6 model 15 stepping 11, cmov, cx8, fxsr, mmx, sse, sse2, sse3, ssse3, tsc

/proc/cpuinfo:
processor	: 0
vendor_id	: GenuineIntel
cpu family	: 6
model		: 15
model name	: Intel(R) Core(TM)2 Quad CPU    Q6600  @ 2.40GHz
stepping	: 11
microcode	: 0xb6
cpu MHz		: 2400.000
cache size	: 4096 KB
physical id	: 0
siblings	: 4
core id		: 0
cpu cores	: 4
apicid		: 0
initial apicid	: 0
fpu		: yes
fpu_exception	: yes
cpuid level	: 10
wp		: yes
flags		: fpu vme de pse tsc msr pae mce cx8 apic sep mtrr pge mca cmov pat pse36 clflush dts acpi mmx fxsr sse sse2 ss ht tm pbe syscall nx lm constant_tsc arch_perfmon pebs bts rep_good nopl aperfmperf pni dtes64 monitor ds_cpl vmx est tm2 ssse3 cx16 xtpr pdcm lahf_lm dtherm tpr_shadow vnmi flexpriority
bogomips	: 4799.97
clflush size	: 64
cache_alignment	: 64
address sizes	: 36 bits physical, 48 bits virtual
power management:

processor	: 1
vendor_id	: GenuineIntel
cpu family	: 6
model		: 15
model name	: Intel(R) Core(TM)2 Quad CPU    Q6600  @ 2.40GHz
stepping	: 11
microcode	: 0xb6
cpu MHz		: 2400.000
cache size	: 4096 KB
physical id	: 0
siblings	: 4
core id		: 3
cpu cores	: 4
apicid		: 3
initial apicid	: 3
fpu		: yes
fpu_exception	: yes
cpuid level	: 10
wp		: yes
flags		: fpu vme de pse tsc msr pae mce cx8 apic sep mtrr pge mca cmov pat pse36 clflush dts acpi mmx fxsr sse sse2 ss ht tm pbe syscall nx lm constant_tsc arch_perfmon pebs bts rep_good nopl aperfmperf pni dtes64 monitor ds_cpl vmx est tm2 ssse3 cx16 xtpr pdcm lahf_lm dtherm tpr_shadow vnmi flexpriority
bogomips	: 4799.97
clflush size	: 64
cache_alignment	: 64
address sizes	: 36 bits physical, 48 bits virtual
power management:

processor	: 2
vendor_id	: GenuineIntel
cpu family	: 6
model		: 15
model name	: Intel(R) Core(TM)2 Quad CPU    Q6600  @ 2.40GHz
stepping	: 11
microcode	: 0xb6
cpu MHz		: 2400.000
cache size	: 4096 KB
physical id	: 0
siblings	: 4
core id		: 1
cpu cores	: 4
apicid		: 1
initial apicid	: 1
fpu		: yes
fpu_exception	: yes
cpuid level	: 10
wp		: yes
flags		: fpu vme de pse tsc msr pae mce cx8 apic sep mtrr pge mca cmov pat pse36 clflush dts acpi mmx fxsr sse sse2 ss ht tm pbe syscall nx lm constant_tsc arch_perfmon pebs bts rep_good nopl aperfmperf pni dtes64 monitor ds_cpl vmx est tm2 ssse3 cx16 xtpr pdcm lahf_lm dtherm tpr_shadow vnmi flexpriority
bogomips	: 4799.97
clflush size	: 64
cache_alignment	: 64
address sizes	: 36 bits physical, 48 bits virtual
power management:

processor	: 3
vendor_id	: GenuineIntel
cpu family	: 6
model		: 15
model name	: Intel(R) Core(TM)2 Quad CPU    Q6600  @ 2.40GHz
stepping	: 11
microcode	: 0xb6
cpu MHz		: 2400.000
cache size	: 4096 KB
physical id	: 0
siblings	: 4
core id		: 2
cpu cores	: 4
apicid		: 2
initial apicid	: 2
fpu		: yes
fpu_exception	: yes
cpuid level	: 10
wp		: yes
flags		: fpu vme de pse tsc msr pae mce cx8 apic sep mtrr pge mca cmov pat pse36 clflush dts acpi mmx fxsr sse sse2 ss ht tm pbe syscall nx lm constant_tsc arch_perfmon pebs bts rep_good nopl aperfmperf pni dtes64 monitor ds_cpl vmx est tm2 ssse3 cx16 xtpr pdcm lahf_lm dtherm tpr_shadow vnmi flexpriority
bogomips	: 4799.97
clflush size	: 64
cache_alignment	: 64
address sizes	: 36 bits physical, 48 bits virtual
power management:



Memory: 4k page, physical 4046924k(140420k free), swap 975868k(88k free)

vm_info: OpenJDK 64-Bit Server VM (24.75-b04) for linux-amd64 JRE (1.7.0_75-b13), built on Jan 27 2015 00:38:59 by "buildd" with gcc 4.8.2

time: Mon Feb 23 21:39:41 2015
elapsed time: 212 seconds

